2025-09-08 21:10:30 | INFO | Processed JSON message: {'message': 'Buzz messages for everyone.', 'author': 'Alice'}
2025-09-08 21:10:30 | INFO | Message received from author: Alice
2025-09-08 21:10:30 | INFO | Updated author counts: {'Eve': 22, 'Alice': 29, 'Charlie': 17, 'Diana': 31, 'Bob': 19}
2025-09-08 21:10:31 | INFO | Processed JSON message: {'message': 'This is a buzz message.', 'author': 'Alice'}
2025-09-08 21:10:31 | INFO | Message received from author: Alice
2025-09-08 21:10:31 | INFO | Updated author counts: {'Eve': 22, 'Alice': 30, 'Charlie': 17, 'Diana': 31, 'Bob': 19}
2025-09-08 21:10:32 | INFO | Processed JSON message: {'message': 'Data engineering is my passion.', 'author': 'Diana'}
2025-09-08 21:10:32 | INFO | Message received from author: Diana
2025-09-08 21:10:32 | INFO | Updated author counts: {'Eve': 22, 'Alice': 30, 'Charlie': 17, 'Diana': 32, 'Bob': 19}
2025-09-08 21:10:33 | INFO | Processed JSON message: {'message': 'I love Python!', 'author': 'Eve'}
2025-09-08 21:10:33 | INFO | Message received from author: Eve
2025-09-08 21:10:33 | INFO | Updated author counts: {'Eve': 23, 'Alice': 30, 'Charlie': 17, 'Diana': 32, 'Bob': 19}
2025-09-08 21:10:34 | INFO | Processed JSON message: {'message': 'JSON makes life easier.', 'author': 'Charlie'}
2025-09-08 21:10:34 | INFO | Message received from author: Charlie
2025-09-08 21:10:34 | INFO | Updated author counts: {'Eve': 23, 'Alice': 30, 'Charlie': 18, 'Diana': 32, 'Bob': 19}
2025-09-08 21:10:35 | INFO | Processed JSON message: {'message': 'Have a great day!', 'author': 'Bob'}
2025-09-08 21:10:35 | INFO | Message received from author: Bob
2025-09-08 21:10:35 | INFO | Updated author counts: {'Eve': 23, 'Alice': 30, 'Charlie': 18, 'Diana': 32, 'Bob': 20}
2025-09-08 21:10:34 | INFO | Processed JSON message: {'message': 'Data engineering is my passion.', 'author': 'Alice'}
2025-09-08 21:10:34 | INFO | Message received from author: Alice
2025-09-08 21:10:34 | INFO | Updated author counts: {'Eve': 23, 'Alice': 31, 'Charlie': 18, 'Diana': 32, 'Bob': 20}
2025-09-08 21:10:35 | INFO | Processed JSON message: {'message': 'Kafka is awesome.', 'author': 'Diana'}
2025-09-08 21:10:35 | INFO | Message received from author: Diana
2025-09-08 21:10:35 | INFO | Updated author counts: {'Eve': 23, 'Alice': 31, 'Charlie': 18, 'Diana': 33, 'Bob': 20}
2025-09-08 21:10:36 | INFO | Processed JSON message: {'message': 'Kafka is awesome.', 'author': 'Diana'}
2025-09-08 21:10:36 | INFO | Message received from author: Diana
2025-09-08 21:10:36 | INFO | Updated author counts: {'Eve': 23, 'Alice': 31, 'Charlie': 18, 'Diana': 34, 'Bob': 20}
2025-09-08 21:10:37 | INFO | Processed JSON message: {'message': 'Hello, Kafka world!', 'author': 'Bob'}
2025-09-08 21:10:37 | INFO | Message received from author: Bob
2025-09-08 21:10:37 | INFO | Updated author counts: {'Eve': 23, 'Alice': 31, 'Charlie': 18, 'Diana': 34, 'Bob': 21}
2025-09-08 21:10:38 | INFO | Processed JSON message: {'message': 'Distributed systems are fascinating.', 'author': 'Diana'}
2025-09-08 21:10:38 | INFO | Message received from author: Diana
2025-09-08 21:10:38 | INFO | Updated author counts: {'Eve': 23, 'Alice': 31, 'Charlie': 18, 'Diana': 35, 'Bob': 21}
2025-09-08 21:10:39 | INFO | Processed JSON message: {'message': 'I love Python!', 'author': 'Diana'}
2025-09-08 21:10:39 | INFO | Message received from author: Diana
2025-09-08 21:10:39 | INFO | Updated author counts: {'Eve': 23, 'Alice': 31, 'Charlie': 18, 'Diana': 36, 'Bob': 21}
2025-09-08 21:10:40 | INFO | Processed JSON message: {'message': 'Have a great day!', 'author': 'Alice'}
2025-09-08 21:10:40 | INFO | Message received from author: Alice
2025-09-08 21:10:40 | INFO | Updated author counts: {'Eve': 23, 'Alice': 32, 'Charlie': 18, 'Diana': 36, 'Bob': 21}
2025-09-08 21:10:41 | INFO | Processed JSON message: {'message': 'Hello, Kafka world!', 'author': 'Charlie'}
2025-09-08 21:10:41 | INFO | Message received from author: Charlie
2025-09-08 21:10:41 | INFO | Updated author counts: {'Eve': 23, 'Alice': 32, 'Charlie': 19, 'Diana': 36, 'Bob': 21}
2025-09-08 21:10:42 | INFO | Processed JSON message: {'message': 'JSON makes life easier.', 'author': 'Diana'}
2025-09-08 21:10:42 | INFO | Message received from author: Diana
2025-09-08 21:10:42 | INFO | Updated author counts: {'Eve': 23, 'Alice': 32, 'Charlie': 19, 'Diana': 37, 'Bob': 21}
2025-09-08 21:10:43 | INFO | Processed JSON message: {'message': 'I love Python!', 'author': 'Bob'}
2025-09-08 21:10:43 | INFO | Message received from author: Bob
2025-09-08 21:10:43 | INFO | Updated author counts: {'Eve': 23, 'Alice': 32, 'Charlie': 19, 'Diana': 37, 'Bob': 22}
2025-09-08 21:10:44 | INFO | Processed JSON message: {'message': 'Have a great day!', 'author': 'Diana'}
2025-09-08 21:10:44 | INFO | Message received from author: Diana
2025-09-08 21:10:44 | INFO | Updated author counts: {'Eve': 23, 'Alice': 32, 'Charlie': 19, 'Diana': 38, 'Bob': 22}
2025-09-08 21:10:45 | INFO | Processed JSON message: {'message': 'Hello, Kafka world!', 'author': 'Alice'}
2025-09-08 21:10:45 | INFO | Message received from author: Alice
2025-09-08 21:10:45 | INFO | Updated author counts: {'Eve': 23, 'Alice': 33, 'Charlie': 19, 'Diana': 38, 'Bob': 22}
2025-09-08 21:10:46 | INFO | Processed JSON message: {'message': 'JSON makes life easier.', 'author': 'Alice'}
2025-09-08 21:10:46 | INFO | Message received from author: Alice
2025-09-08 21:10:46 | INFO | Updated author counts: {'Eve': 23, 'Alice': 34, 'Charlie': 19, 'Diana': 38, 'Bob': 22}
2025-09-08 21:10:47 | INFO | Processed JSON message: {'message': 'Buzz messages for everyone.', 'author': 'Charlie'}
2025-09-08 21:10:47 | INFO | Message received from author: Charlie
2025-09-08 21:10:47 | INFO | Updated author counts: {'Eve': 23, 'Alice': 34, 'Charlie': 20, 'Diana': 38, 'Bob': 22}
2025-09-08 21:10:48 | INFO | Processed JSON message: {'message': 'Buzz messages for everyone.', 'author': 'Bob'}
2025-09-08 21:10:48 | INFO | Message received from author: Bob
2025-09-08 21:10:48 | INFO | Updated author counts: {'Eve': 23, 'Alice': 34, 'Charlie': 20, 'Diana': 38, 'Bob': 23}
2025-09-08 21:10:49 | INFO | Processed JSON message: {'message': 'Streaming data is fun.', 'author': 'Diana'}
2025-09-08 21:10:49 | INFO | Message received from author: Diana
2025-09-08 21:10:49 | INFO | Updated author counts: {'Eve': 23, 'Alice': 34, 'Charlie': 20, 'Diana': 39, 'Bob': 23}
2025-09-08 21:10:50 | INFO | Processed JSON message: {'message': 'Have a great day!', 'author': 'Diana'}
2025-09-08 21:10:50 | INFO | Message received from author: Diana
2025-09-08 21:10:50 | INFO | Updated author counts: {'Eve': 23, 'Alice': 34, 'Charlie': 20, 'Diana': 40, 'Bob': 23}
2025-09-08 21:10:51 | INFO | Processed JSON message: {'message': 'I love Python!', 'author': 'Alice'}
2025-09-08 21:10:51 | INFO | Message received from author: Alice
2025-09-08 21:10:51 | INFO | Updated author counts: {'Eve': 23, 'Alice': 35, 'Charlie': 20, 'Diana': 40, 'Bob': 23}
2025-09-08 21:10:52 | INFO | Processed JSON message: {'message': 'Streaming data is fun.', 'author': 'Charlie'}
2025-09-08 21:10:52 | INFO | Message received from author: Charlie
2025-09-08 21:10:52 | INFO | Updated author counts: {'Eve': 23, 'Alice': 35, 'Charlie': 21, 'Diana': 40, 'Bob': 23}
2025-09-08 21:10:53 | INFO | Processed JSON message: {'message': 'Kafka is awesome.', 'author': 'Alice'}
2025-09-08 21:10:53 | INFO | Message received from author: Alice
2025-09-08 21:10:53 | INFO | Updated author counts: {'Eve': 23, 'Alice': 36, 'Charlie': 21, 'Diana': 40, 'Bob': 23}
2025-09-08 21:10:54 | INFO | Processed JSON message: {'message': 'Kafka is awesome.', 'author': 'Diana'}
2025-09-08 21:10:54 | INFO | Message received from author: Diana
2025-09-08 21:10:54 | INFO | Updated author counts: {'Eve': 23, 'Alice': 36, 'Charlie': 21, 'Diana': 41, 'Bob': 23}
2025-09-08 21:10:55 | INFO | Processed JSON message: {'message': 'Kafka is awesome.', 'author': 'Alice'}
2025-09-08 21:10:55 | INFO | Message received from author: Alice
2025-09-08 21:10:55 | INFO | Updated author counts: {'Eve': 23, 'Alice': 37, 'Charlie': 21, 'Diana': 41, 'Bob': 23}
2025-09-08 21:10:56 | INFO | Processed JSON message: {'message': 'JSON makes life easier.', 'author': 'Bob'}
2025-09-08 21:10:56 | INFO | Message received from author: Bob
2025-09-08 21:10:56 | INFO | Updated author counts: {'Eve': 23, 'Alice': 37, 'Charlie': 21, 'Diana': 41, 'Bob': 24}
2025-09-08 21:10:57 | INFO | Processed JSON message: {'message': 'This is a buzz message.', 'author': 'Bob'}
2025-09-08 21:10:57 | INFO | Message received from author: Bob
2025-09-08 21:10:57 | INFO | Updated author counts: {'Eve': 23, 'Alice': 37, 'Charlie': 21, 'Diana': 41, 'Bob': 25}
2025-09-08 21:10:58 | INFO | Processed JSON message: {'message': 'Streaming data is fun.', 'author': 'Diana'}
2025-09-08 21:10:58 | INFO | Message received from author: Diana
2025-09-08 21:10:58 | INFO | Updated author counts: {'Eve': 23, 'Alice': 37, 'Charlie': 21, 'Diana': 42, 'Bob': 25}
2025-09-08 21:10:59 | INFO | Processed JSON message: {'message': 'Have a great day!', 'author': 'Bob'}
2025-09-08 21:10:59 | INFO | Message received from author: Bob
2025-09-08 21:10:59 | INFO | Updated author counts: {'Eve': 23, 'Alice': 37, 'Charlie': 21, 'Diana': 42, 'Bob': 26}
2025-09-08 21:11:00 | INFO | Processed JSON message: {'message': 'This is a buzz message.', 'author': 'Eve'}
2025-09-08 21:11:00 | INFO | Message received from author: Eve
2025-09-08 21:11:00 | INFO | Updated author counts: {'Eve': 24, 'Alice': 37, 'Charlie': 21, 'Diana': 42, 'Bob': 26}
2025-09-08 21:11:01 | INFO | Processed JSON message: {'message': 'Hello, Kafka world!', 'author': 'Bob'}
2025-09-08 21:11:01 | INFO | Message received from author: Bob
2025-09-08 21:11:01 | INFO | Updated author counts: {'Eve': 24, 'Alice': 37, 'Charlie': 21, 'Diana': 42, 'Bob': 27}
2025-09-08 21:11:02 | INFO | Processed JSON message: {'message': 'This is a buzz message.', 'author': 'Alice'}
2025-09-08 21:11:02 | INFO | Message received from author: Alice
2025-09-08 21:11:02 | INFO | Updated author counts: {'Eve': 24, 'Alice': 38, 'Charlie': 21, 'Diana': 42, 'Bob': 27}
2025-09-08 21:11:03 | INFO | Processed JSON message: {'message': 'Streaming data is fun.', 'author': 'Eve'}
2025-09-08 21:11:03 | INFO | Message received from author: Eve
2025-09-08 21:11:03 | INFO | Updated author counts: {'Eve': 25, 'Alice': 38, 'Charlie': 21, 'Diana': 42, 'Bob': 27}
2025-09-08 21:11:04 | INFO | Processed JSON message: {'message': 'Kafka is awesome.', 'author': 'Alice'}
2025-09-08 21:11:04 | INFO | Message received from author: Alice
2025-09-08 21:11:04 | INFO | Updated author counts: {'Eve': 25, 'Alice': 39, 'Charlie': 21, 'Diana': 42, 'Bob': 27}
2025-09-08 21:11:05 | INFO | Processed JSON message: {'message': 'JSON makes life easier.', 'author': 'Bob'}
2025-09-08 21:11:05 | INFO | Message received from author: Bob
2025-09-08 21:11:05 | INFO | Updated author counts: {'Eve': 25, 'Alice': 39, 'Charlie': 21, 'Diana': 42, 'Bob': 28}
2025-09-08 21:11:04 | INFO | Processed JSON message: {'message': 'This is a buzz message.', 'author': 'Charlie'}
2025-09-08 21:11:04 | INFO | Message received from author: Charlie
2025-09-08 21:11:04 | INFO | Updated author counts: {'Eve': 25, 'Alice': 39, 'Charlie': 22, 'Diana': 42, 'Bob': 28}
2025-09-08 21:11:05 | INFO | Processed JSON message: {'message': 'Have a great day!', 'author': 'Diana'}
2025-09-08 21:11:05 | INFO | Message received from author: Diana
2025-09-08 21:11:05 | INFO | Updated author counts: {'Eve': 25, 'Alice': 39, 'Charlie': 22, 'Diana': 43, 'Bob': 28}
2025-09-08 21:11:06 | INFO | Processed JSON message: {'message': 'Distributed systems are fascinating.', 'author': 'Bob'}
2025-09-08 21:11:06 | INFO | Message received from author: Bob
2025-09-08 21:11:06 | INFO | Updated author counts: {'Eve': 25, 'Alice': 39, 'Charlie': 22, 'Diana': 43, 'Bob': 29}
2025-09-08 21:11:07 | INFO | Processed JSON message: {'message': 'Kafka is awesome.', 'author': 'Alice'}
2025-09-08 21:11:07 | INFO | Message received from author: Alice
2025-09-08 21:11:07 | INFO | Updated author counts: {'Eve': 25, 'Alice': 40, 'Charlie': 22, 'Diana': 43, 'Bob': 29}
2025-09-08 21:11:08 | INFO | Processed JSON message: {'message': 'Streaming data is fun.', 'author': 'Alice'}
2025-09-08 21:11:08 | INFO | Message received from author: Alice
2025-09-08 21:11:08 | INFO | Updated author counts: {'Eve': 25, 'Alice': 41, 'Charlie': 22, 'Diana': 43, 'Bob': 29}
2025-09-08 21:11:09 | INFO | Processed JSON message: {'message': 'Have a great day!', 'author': 'Diana'}
2025-09-08 21:11:09 | INFO | Message received from author: Diana
2025-09-08 21:11:09 | INFO | Updated author counts: {'Eve': 25, 'Alice': 41, 'Charlie': 22, 'Diana': 44, 'Bob': 29}
2025-09-08 21:11:10 | INFO | Processed JSON message: {'message': 'Streaming data is fun.', 'author': 'Alice'}
2025-09-08 21:11:10 | INFO | Message received from author: Alice
2025-09-08 21:11:10 | INFO | Updated author counts: {'Eve': 25, 'Alice': 42, 'Charlie': 22, 'Diana': 44, 'Bob': 29}
2025-09-08 21:11:11 | INFO | Processed JSON message: {'message': 'This is a buzz message.', 'author': 'Diana'}
2025-09-08 21:11:11 | INFO | Message received from author: Diana
2025-09-08 21:11:11 | INFO | Updated author counts: {'Eve': 25, 'Alice': 42, 'Charlie': 22, 'Diana': 45, 'Bob': 29}
2025-09-08 21:11:12 | INFO | Processed JSON message: {'message': 'Data engineering is my passion.', 'author': 'Bob'}
2025-09-08 21:11:12 | INFO | Message received from author: Bob
2025-09-08 21:11:12 | INFO | Updated author counts: {'Eve': 25, 'Alice': 42, 'Charlie': 22, 'Diana': 45, 'Bob': 30}
2025-09-08 21:11:13 | INFO | Processed JSON message: {'message': 'Have a great day!', 'author': 'Diana'}
2025-09-08 21:11:13 | INFO | Message received from author: Diana
2025-09-08 21:11:13 | INFO | Updated author counts: {'Eve': 25, 'Alice': 42, 'Charlie': 22, 'Diana': 46, 'Bob': 30}
2025-09-08 21:11:14 | INFO | Processed JSON message: {'message': 'Kafka is awesome.', 'author': 'Alice'}
2025-09-08 21:11:14 | INFO | Message received from author: Alice
2025-09-08 21:11:14 | INFO | Updated author counts: {'Eve': 25, 'Alice': 43, 'Charlie': 22, 'Diana': 46, 'Bob': 30}
2025-09-08 21:11:15 | INFO | Processed JSON message: {'message': 'Kafka is awesome.', 'author': 'Eve'}
2025-09-08 21:11:15 | INFO | Message received from author: Eve
2025-09-08 21:11:15 | INFO | Updated author counts: {'Eve': 26, 'Alice': 43, 'Charlie': 22, 'Diana': 46, 'Bob': 30}
2025-09-08 21:11:16 | INFO | Processed JSON message: {'message': 'Have a great day!', 'author': 'Diana'}
2025-09-08 21:11:16 | INFO | Message received from author: Diana
2025-09-08 21:11:16 | INFO | Updated author counts: {'Eve': 26, 'Alice': 43, 'Charlie': 22, 'Diana': 47, 'Bob': 30}
2025-09-08 21:11:17 | INFO | Processed JSON message: {'message': 'Buzz messages for everyone.', 'author': 'Charlie'}
2025-09-08 21:11:17 | INFO | Message received from author: Charlie
2025-09-08 21:11:17 | INFO | Updated author counts: {'Eve': 26, 'Alice': 43, 'Charlie': 23, 'Diana': 47, 'Bob': 30}
2025-09-08 21:11:18 | INFO | Processed JSON message: {'message': 'This is a buzz message.', 'author': 'Charlie'}
2025-09-08 21:11:18 | INFO | Message received from author: Charlie
2025-09-08 21:11:18 | INFO | Updated author counts: {'Eve': 26, 'Alice': 43, 'Charlie': 24, 'Diana': 47, 'Bob': 30}
2025-09-08 21:11:19 | INFO | Processed JSON message: {'message': 'Streaming data is fun.', 'author': 'Alice'}
2025-09-08 21:11:19 | INFO | Message received from author: Alice
2025-09-08 21:11:19 | INFO | Updated author counts: {'Eve': 26, 'Alice': 44, 'Charlie': 24, 'Diana': 47, 'Bob': 30}
2025-09-08 21:11:20 | INFO | Processed JSON message: {'message': 'Hello, Kafka world!', 'author': 'Diana'}
2025-09-08 21:11:20 | INFO | Message received from author: Diana
2025-09-08 21:11:20 | INFO | Updated author counts: {'Eve': 26, 'Alice': 44, 'Charlie': 24, 'Diana': 48, 'Bob': 30}
2025-09-08 21:11:21 | INFO | Processed JSON message: {'message': 'Kafka is awesome.', 'author': 'Bob'}
2025-09-08 21:11:21 | INFO | Message received from author: Bob
2025-09-08 21:11:21 | INFO | Updated author counts: {'Eve': 26, 'Alice': 44, 'Charlie': 24, 'Diana': 48, 'Bob': 31}
2025-09-08 21:11:22 | INFO | Processed JSON message: {'message': 'I love Python!', 'author': 'Eve'}
2025-09-08 21:11:22 | INFO | Message received from author: Eve
2025-09-08 21:11:22 | INFO | Updated author counts: {'Eve': 27, 'Alice': 44, 'Charlie': 24, 'Diana': 48, 'Bob': 31}
2025-09-08 21:11:23 | INFO | Processed JSON message: {'message': 'JSON makes life easier.', 'author': 'Charlie'}
2025-09-08 21:11:23 | INFO | Message received from author: Charlie
2025-09-08 21:11:23 | INFO | Updated author counts: {'Eve': 27, 'Alice': 44, 'Charlie': 25, 'Diana': 48, 'Bob': 31}
2025-09-08 21:11:24 | INFO | Processed JSON message: {'message': 'I love Python!', 'author': 'Charlie'}
2025-09-08 21:11:24 | INFO | Message received from author: Charlie
2025-09-08 21:11:24 | INFO | Updated author counts: {'Eve': 27, 'Alice': 44, 'Charlie': 26, 'Diana': 48, 'Bob': 31}
2025-09-08 21:11:25 | INFO | Processed JSON message: {'message': 'I love Python!', 'author': 'Charlie'}
2025-09-08 21:11:25 | INFO | Message received from author: Charlie
2025-09-08 21:11:25 | INFO | Updated author counts: {'Eve': 27, 'Alice': 44, 'Charlie': 27, 'Diana': 48, 'Bob': 31}
2025-09-08 21:11:26 | INFO | Processed JSON message: {'message': 'I love Python!', 'author': 'Diana'}
2025-09-08 21:11:26 | INFO | Message received from author: Diana
2025-09-08 21:11:26 | INFO | Updated author counts: {'Eve': 27, 'Alice': 44, 'Charlie': 27, 'Diana': 49, 'Bob': 31}
2025-09-08 21:11:27 | INFO | Processed JSON message: {'message': 'Streaming data is fun.', 'author': 'Diana'}
2025-09-08 21:11:27 | INFO | Message received from author: Diana
2025-09-08 21:11:27 | INFO | Updated author counts: {'Eve': 27, 'Alice': 44, 'Charlie': 27, 'Diana': 50, 'Bob': 31}
2025-09-08 21:11:28 | INFO | Processed JSON message: {'message': 'Data engineering is my passion.', 'author': 'Eve'}
2025-09-08 21:11:28 | INFO | Message received from author: Eve
2025-09-08 21:11:28 | INFO | Updated author counts: {'Eve': 28, 'Alice': 44, 'Charlie': 27, 'Diana': 50, 'Bob': 31}
2025-09-08 21:11:29 | INFO | Processed JSON message: {'message': 'Buzz messages for everyone.', 'author': 'Eve'}
2025-09-08 21:11:29 | INFO | Message received from author: Eve
2025-09-08 21:11:29 | INFO | Updated author counts: {'Eve': 29, 'Alice': 44, 'Charlie': 27, 'Diana': 50, 'Bob': 31}
2025-09-08 21:11:30 | INFO | Processed JSON message: {'message': 'JSON makes life easier.', 'author': 'Eve'}
2025-09-08 21:11:30 | INFO | Message received from author: Eve
2025-09-08 21:11:30 | INFO | Updated author counts: {'Eve': 30, 'Alice': 44, 'Charlie': 27, 'Diana': 50, 'Bob': 31}
2025-09-08 21:11:31 | INFO | Processed JSON message: {'message': 'Have a great day!', 'author': 'Alice'}
2025-09-08 21:11:31 | INFO | Message received from author: Alice
2025-09-08 21:11:31 | INFO | Updated author counts: {'Eve': 30, 'Alice': 45, 'Charlie': 27, 'Diana': 50, 'Bob': 31}
2025-09-08 21:11:32 | INFO | Processed JSON message: {'message': 'I love Python!', 'author': 'Bob'}
2025-09-08 21:11:32 | INFO | Message received from author: Bob
2025-09-08 21:11:32 | INFO | Updated author counts: {'Eve': 30, 'Alice': 45, 'Charlie': 27, 'Diana': 50, 'Bob': 32}
2025-09-08 21:11:33 | INFO | Processed JSON message: {'message': 'I love Python!', 'author': 'Bob'}
2025-09-08 21:11:33 | INFO | Message received from author: Bob
2025-09-08 21:11:33 | INFO | Updated author counts: {'Eve': 30, 'Alice': 45, 'Charlie': 27, 'Diana': 50, 'Bob': 33}
2025-09-08 21:11:34 | INFO | Processed JSON message: {'message': 'This is a buzz message.', 'author': 'Eve'}
2025-09-08 21:11:34 | INFO | Message received from author: Eve
2025-09-08 21:11:34 | INFO | Updated author counts: {'Eve': 31, 'Alice': 45, 'Charlie': 27, 'Diana': 50, 'Bob': 33}
2025-09-08 21:11:35 | INFO | Processed JSON message: {'message': 'This is a buzz message.', 'author': 'Alice'}
2025-09-08 21:11:35 | INFO | Message received from author: Alice
2025-09-08 21:11:35 | INFO | Updated author counts: {'Eve': 31, 'Alice': 46, 'Charlie': 27, 'Diana': 50, 'Bob': 33}
2025-09-08 21:11:34 | INFO | Processed JSON message: {'message': 'Distributed systems are fascinating.', 'author': 'Diana'}
2025-09-08 21:11:34 | INFO | Message received from author: Diana
2025-09-08 21:11:34 | INFO | Updated author counts: {'Eve': 31, 'Alice': 46, 'Charlie': 27, 'Diana': 51, 'Bob': 33}
2025-09-08 21:11:35 | INFO | Processed JSON message: {'message': 'Streaming data is fun.', 'author': 'Eve'}
2025-09-08 21:11:35 | INFO | Message received from author: Eve
2025-09-08 21:11:35 | INFO | Updated author counts: {'Eve': 32, 'Alice': 46, 'Charlie': 27, 'Diana': 51, 'Bob': 33}
2025-09-08 21:11:36 | INFO | Processed JSON message: {'message': 'Have a great day!', 'author': 'Charlie'}
2025-09-08 21:11:36 | INFO | Message received from author: Charlie
2025-09-08 21:11:36 | INFO | Updated author counts: {'Eve': 32, 'Alice': 46, 'Charlie': 28, 'Diana': 51, 'Bob': 33}
2025-09-08 21:11:37 | INFO | Processed JSON message: {'message': 'JSON makes life easier.', 'author': 'Eve'}
2025-09-08 21:11:37 | INFO | Message received from author: Eve
2025-09-08 21:11:37 | INFO | Updated author counts: {'Eve': 33, 'Alice': 46, 'Charlie': 28, 'Diana': 51, 'Bob': 33}
2025-09-08 21:11:38 | INFO | Processed JSON message: {'message': 'Buzz messages for everyone.', 'author': 'Diana'}
2025-09-08 21:11:38 | INFO | Message received from author: Diana
2025-09-08 21:11:38 | INFO | Updated author counts: {'Eve': 33, 'Alice': 46, 'Charlie': 28, 'Diana': 52, 'Bob': 33}
2025-09-08 21:11:39 | INFO | Processed JSON message: {'message': 'This is a buzz message.', 'author': 'Charlie'}
2025-09-08 21:11:39 | INFO | Message received from author: Charlie
2025-09-08 21:11:39 | INFO | Updated author counts: {'Eve': 33, 'Alice': 46, 'Charlie': 29, 'Diana': 52, 'Bob': 33}
2025-09-08 21:11:40 | INFO | Processed JSON message: {'message': 'Distributed systems are fascinating.', 'author': 'Charlie'}
2025-09-08 21:11:40 | INFO | Message received from author: Charlie
2025-09-08 21:11:40 | INFO | Updated author counts: {'Eve': 33, 'Alice': 46, 'Charlie': 30, 'Diana': 52, 'Bob': 33}
2025-09-08 21:11:41 | INFO | Processed JSON message: {'message': 'Buzz messages for everyone.', 'author': 'Bob'}
2025-09-08 21:11:41 | INFO | Message received from author: Bob
2025-09-08 21:11:41 | INFO | Updated author counts: {'Eve': 33, 'Alice': 46, 'Charlie': 30, 'Diana': 52, 'Bob': 34}
2025-09-08 21:11:42 | INFO | Processed JSON message: {'message': 'This is a buzz message.', 'author': 'Eve'}
2025-09-08 21:11:42 | INFO | Message received from author: Eve
2025-09-08 21:11:42 | INFO | Updated author counts: {'Eve': 34, 'Alice': 46, 'Charlie': 30, 'Diana': 52, 'Bob': 34}
2025-09-08 21:11:43 | INFO | Processed JSON message: {'message': 'Data engineering is my passion.', 'author': 'Diana'}
2025-09-08 21:11:43 | INFO | Message received from author: Diana
2025-09-08 21:11:43 | INFO | Updated author counts: {'Eve': 34, 'Alice': 46, 'Charlie': 30, 'Diana': 53, 'Bob': 34}
2025-09-08 21:11:44 | INFO | Processed JSON message: {'message': 'Data engineering is my passion.', 'author': 'Alice'}
2025-09-08 21:11:44 | INFO | Message received from author: Alice
2025-09-08 21:11:44 | INFO | Updated author counts: {'Eve': 34, 'Alice': 47, 'Charlie': 30, 'Diana': 53, 'Bob': 34}
2025-09-08 21:11:45 | INFO | Processed JSON message: {'message': 'Buzz messages for everyone.', 'author': 'Diana'}
2025-09-08 21:11:45 | INFO | Message received from author: Diana
2025-09-08 21:11:45 | INFO | Updated author counts: {'Eve': 34, 'Alice': 47, 'Charlie': 30, 'Diana': 54, 'Bob': 34}
2025-09-08 21:11:46 | INFO | Processed JSON message: {'message': 'JSON makes life easier.', 'author': 'Alice'}
2025-09-08 21:11:46 | INFO | Message received from author: Alice
2025-09-08 21:11:46 | INFO | Updated author counts: {'Eve': 34, 'Alice': 48, 'Charlie': 30, 'Diana': 54, 'Bob': 34}
2025-09-08 21:11:47 | INFO | Processed JSON message: {'message': 'Data engineering is my passion.', 'author': 'Eve'}
2025-09-08 21:11:47 | INFO | Message received from author: Eve
2025-09-08 21:11:47 | INFO | Updated author counts: {'Eve': 35, 'Alice': 48, 'Charlie': 30, 'Diana': 54, 'Bob': 34}
2025-09-08 21:11:48 | INFO | Processed JSON message: {'message': 'Distributed systems are fascinating.', 'author': 'Alice'}
2025-09-08 21:11:48 | INFO | Message received from author: Alice
2025-09-08 21:11:48 | INFO | Updated author counts: {'Eve': 35, 'Alice': 49, 'Charlie': 30, 'Diana': 54, 'Bob': 34}
2025-09-08 21:11:49 | INFO | Processed JSON message: {'message': 'Have a great day!', 'author': 'Charlie'}
2025-09-08 21:11:49 | INFO | Message received from author: Charlie
2025-09-08 21:11:49 | INFO | Updated author counts: {'Eve': 35, 'Alice': 49, 'Charlie': 31, 'Diana': 54, 'Bob': 34}
2025-09-08 21:11:50 | INFO | Processed JSON message: {'message': 'Data engineering is my passion.', 'author': 'Alice'}
2025-09-08 21:11:50 | INFO | Message received from author: Alice
2025-09-08 21:11:50 | INFO | Updated author counts: {'Eve': 35, 'Alice': 50, 'Charlie': 31, 'Diana': 54, 'Bob': 34}
2025-09-08 21:11:51 | INFO | Processed JSON message: {'message': 'Distributed systems are fascinating.', 'author': 'Diana'}
2025-09-08 21:11:51 | INFO | Message received from author: Diana
2025-09-08 21:11:51 | INFO | Updated author counts: {'Eve': 35, 'Alice': 50, 'Charlie': 31, 'Diana': 55, 'Bob': 34}
2025-09-08 21:11:52 | INFO | Processed JSON message: {'message': 'Buzz messages for everyone.', 'author': 'Alice'}
2025-09-08 21:11:52 | INFO | Message received from author: Alice
2025-09-08 21:11:52 | INFO | Updated author counts: {'Eve': 35, 'Alice': 51, 'Charlie': 31, 'Diana': 55, 'Bob': 34}
2025-09-08 21:11:55 | WARNING | Consumer interrupted by user.
2025-09-08 21:11:55 | INFO | Kafka consumer for topic 'buzzline_json' closed.
2025-09-08 21:11:55 | INFO | END consumer for topic 'buzzline_json' and group 'buzz_group'.
