2025-09-13 12:34:03 | INFO | Logging to file: logs/project_log.log
2025-09-13 12:34:03 | INFO | Log sanitization enabled, personal info removed
2025-09-13 12:34:03 | INFO | Project root: PROJECT_ROOT
2025-09-13 12:34:03 | INFO | Data folder: PROJECT_ROOT/data
2025-09-13 12:34:03 | INFO | Data file: PROJECT_ROOT/data/smoker_temps.csv
2025-09-13 12:34:03 | INFO | START producer.
2025-09-13 12:34:03 | INFO | Kafka broker address: localhost:9092
2025-09-13 12:34:04 | INFO | Kafka is ready. Brokers: {'throttle_time_ms': 0, 'brokers': [{'node_id': 1, 'host': 'localhost', 'port': 9092, 'rack': None}], 'cluster_id': 'Bd7M59CXSwSf8kb1RGO2PA', 'controller_id': 1}
2025-09-13 12:34:04 | INFO | Kafka topic: smoker_csv
2025-09-13 12:34:04 | INFO | Message interval: 5 seconds
2025-09-13 12:34:04 | INFO | Kafka broker address: localhost:9092
2025-09-13 12:34:04 | INFO | Connecting to Kafka broker at localhost:9092...
2025-09-13 12:34:04 | INFO | Kafka producer successfully created.
2025-09-13 12:34:04 | INFO | Kafka broker address: localhost:9092
2025-09-13 12:34:04 | INFO | Topic 'smoker_csv' created successfully.
2025-09-13 12:34:04 | INFO | Kafka topic 'smoker_csv' is ready.
2025-09-13 12:34:04 | INFO | Starting message production to topic 'smoker_csv'...
2025-09-13 12:34:04 | INFO | Opening data file in read mode: PROJECT_ROOT/data/smoker_temps.csv
2025-09-13 12:34:04 | INFO | Reading data from file: PROJECT_ROOT/data/smoker_temps.csv
2025-09-13 12:34:04 | INFO | Sent message to topic 'smoker_csv': {'timestamp': '2025-09-13T17:34:04.846596', 'temperature': 70.4}
2025-09-13 12:34:09 | INFO | Sent message to topic 'smoker_csv': {'timestamp': '2025-09-13T17:34:09.917973', 'temperature': 70.8}
2025-09-13 12:34:14 | INFO | Sent message to topic 'smoker_csv': {'timestamp': '2025-09-13T17:34:14.920074', 'temperature': 71.2}
2025-09-13 12:34:22 | INFO | Sent message to topic 'smoker_csv': {'timestamp': '2025-09-13T17:34:22.339390', 'temperature': 71.6}
2025-09-13 12:34:26 | INFO | Logging to file: logs/project_log.log
2025-09-13 12:34:26 | INFO | Log sanitization enabled, personal info removed
2025-09-13 12:34:26 | INFO | START consumer.
2025-09-13 12:34:26 | INFO | Kafka topic: smoker_csv
2025-09-13 12:34:26 | INFO | Kafka consumer group id: smoker_group
2025-09-13 12:34:26 | INFO | Rolling window size: 10
2025-09-13 12:34:26 | INFO | Consumer: Topic 'smoker_csv' and group 'smoker_group'...
2025-09-13 12:34:26 | INFO | Rolling window size: 10
2025-09-13 12:34:26 | INFO | Kafka broker address: localhost:9092
2025-09-13 12:34:26 | INFO | Creating Kafka consumer. Topic='smoker_csv' and group ID='smoker_group'.
2025-09-13 12:34:26 | INFO | Kafka consumer created successfully.
2025-09-13 12:34:26 | INFO | Polling messages from topic 'smoker_csv'...
2025-09-13 12:34:27 | INFO | Sent message to topic 'smoker_csv': {'timestamp': '2025-09-13T17:34:27.341198', 'temperature': 72.0}
2025-09-13 12:34:32 | INFO | Sent message to topic 'smoker_csv': {'timestamp': '2025-09-13T17:34:32.342525', 'temperature': 72.4}
2025-09-13 12:34:37 | INFO | Sent message to topic 'smoker_csv': {'timestamp': '2025-09-13T17:34:37.343753', 'temperature': 72.8}
2025-09-13 12:34:42 | INFO | Sent message to topic 'smoker_csv': {'timestamp': '2025-09-13T17:34:42.345860', 'temperature': 73.2}
2025-09-13 12:34:47 | INFO | Sent message to topic 'smoker_csv': {'timestamp': '2025-09-13T17:34:47.346988', 'temperature': 73.6}
2025-09-13 12:34:48 | INFO | Processed JSON message: {'timestamp': '2025-09-13T17:34:04.846596', 'temperature': 70.4}
2025-09-13 12:34:48 | INFO | Rolling window size: 10
2025-09-13 12:34:48 | INFO | Processed JSON message: {'timestamp': '2025-09-13T17:34:09.917973', 'temperature': 70.8}
2025-09-13 12:34:48 | INFO | Rolling window size: 10
2025-09-13 12:34:48 | INFO | Processed JSON message: {'timestamp': '2025-09-13T17:34:14.920074', 'temperature': 71.2}
2025-09-13 12:34:48 | INFO | Rolling window size: 10
2025-09-13 12:34:48 | INFO | Processed JSON message: {'timestamp': '2025-09-13T17:34:22.339390', 'temperature': 71.6}
2025-09-13 12:34:48 | INFO | Rolling window size: 10
2025-09-13 12:34:48 | INFO | Processed JSON message: {'timestamp': '2025-09-13T17:34:27.341198', 'temperature': 72.0}
2025-09-13 12:34:48 | INFO | Rolling window size: 10
2025-09-13 12:34:48 | INFO | Processed JSON message: {'timestamp': '2025-09-13T17:34:32.342525', 'temperature': 72.4}
2025-09-13 12:34:48 | INFO | Rolling window size: 10
2025-09-13 12:34:48 | INFO | Processed JSON message: {'timestamp': '2025-09-13T17:34:37.343753', 'temperature': 72.8}
2025-09-13 12:34:48 | INFO | Rolling window size: 10
2025-09-13 12:34:48 | INFO | Processed JSON message: {'timestamp': '2025-09-13T17:34:42.345860', 'temperature': 73.2}
2025-09-13 12:34:48 | INFO | Rolling window size: 10
2025-09-13 12:34:48 | INFO | Processed JSON message: {'timestamp': '2025-09-13T17:34:47.346988', 'temperature': 73.6}
2025-09-13 12:34:48 | INFO | Rolling window size: 10
2025-09-13 12:34:52 | INFO | Sent message to topic 'smoker_csv': {'timestamp': '2025-09-13T17:34:52.348858', 'temperature': 74.0}
2025-09-13 12:34:52 | INFO | Processed JSON message: {'timestamp': '2025-09-13T17:34:52.348858', 'temperature': 74.0}
2025-09-13 12:34:52 | INFO | Rolling window size: 10
2025-09-13 12:34:52 | INFO | Max stall temperature range: 0.2 F
2025-09-13 12:34:59 | INFO | Sent message to topic 'smoker_csv': {'timestamp': '2025-09-13T17:34:59.778649', 'temperature': 74.4}
2025-09-13 12:34:59 | INFO | Processed JSON message: {'timestamp': '2025-09-13T17:34:59.778649', 'temperature': 74.4}
2025-09-13 12:34:59 | INFO | Rolling window size: 10
2025-09-13 12:34:59 | INFO | Max stall temperature range: 0.2 F
2025-09-13 12:35:04 | INFO | Sent message to topic 'smoker_csv': {'timestamp': '2025-09-13T17:35:04.779982', 'temperature': 74.8}
2025-09-13 12:35:04 | INFO | Processed JSON message: {'timestamp': '2025-09-13T17:35:04.779982', 'temperature': 74.8}
2025-09-13 12:35:04 | INFO | Rolling window size: 10
2025-09-13 12:35:04 | INFO | Max stall temperature range: 0.2 F
2025-09-13 12:35:09 | INFO | Sent message to topic 'smoker_csv': {'timestamp': '2025-09-13T17:35:09.782672', 'temperature': 75.2}
2025-09-13 12:35:09 | INFO | Processed JSON message: {'timestamp': '2025-09-13T17:35:09.782672', 'temperature': 75.2}
2025-09-13 12:35:09 | INFO | Rolling window size: 10
2025-09-13 12:35:09 | INFO | Max stall temperature range: 0.2 F
2025-09-13 12:35:12 | WARNING | Consumer interrupted by user.
2025-09-13 12:35:12 | INFO | Kafka consumer for topic 'smoker_csv' closed.
2025-09-13 12:35:13 | WARNING | Producer interrupted by user.
2025-09-13 12:35:13 | INFO | Kafka producer closed.
2025-09-13 12:35:13 | INFO | END producer.
2025-09-13 13:43:51 | INFO | Logging to file: logs/project_log.log
2025-09-13 13:43:51 | INFO | Log sanitization enabled, personal info removed
2025-09-13 13:43:51 | INFO | Project root: PROJECT_ROOT
2025-09-13 13:43:51 | INFO | Data folder: PROJECT_ROOT/data
2025-09-13 13:43:51 | INFO | Data file: PROJECT_ROOT/data/smoker_temps.csv
2025-09-13 13:43:51 | INFO | START producer.
2025-09-13 13:43:51 | INFO | Kafka broker address: localhost:9092
2025-09-13 13:43:51 | INFO | Kafka is ready. Brokers: {'throttle_time_ms': 0, 'brokers': [{'node_id': 1, 'host': 'localhost', 'port': 9092, 'rack': None}], 'cluster_id': 'Bd7M59CXSwSf8kb1RGO2PA', 'controller_id': 1}
2025-09-13 13:43:51 | INFO | Kafka topic: smoker_csv
2025-09-13 13:43:51 | INFO | Message interval: 5 seconds
2025-09-13 13:43:51 | INFO | Kafka broker address: localhost:9092
2025-09-13 13:43:51 | INFO | Connecting to Kafka broker at localhost:9092...
2025-09-13 13:43:51 | INFO | Kafka producer successfully created.
2025-09-13 13:43:51 | INFO | Kafka broker address: localhost:9092
2025-09-13 13:43:52 | INFO | Topic 'smoker_csv' already exists. Recreating fresh...
2025-09-13 13:43:52 | INFO | Requested deletion of topic 'smoker_csv'.
2025-09-13 13:43:52 | INFO | Topic 'smoker_csv' created successfully.
2025-09-13 13:43:52 | INFO | Kafka topic 'smoker_csv' is ready.
2025-09-13 13:43:52 | INFO | Starting message production to topic 'smoker_csv'...
2025-09-13 13:43:52 | INFO | Opening data file in read mode: PROJECT_ROOT/data/smoker_temps.csv
2025-09-13 13:43:52 | INFO | Reading data from file: PROJECT_ROOT/data/smoker_temps.csv
2025-09-13 13:43:52 | INFO | Sent message to topic 'smoker_csv': {'timestamp': '2025-09-13T18:43:52.409674', 'temperature': 70.4, 'heating element temperature': 468.0}
2025-09-13 13:43:57 | INFO | Sent message to topic 'smoker_csv': {'timestamp': '2025-09-13T18:43:57.411572', 'temperature': 70.8, 'heating element temperature': 463.0}
2025-09-13 13:44:01 | INFO | Logging to file: logs/project_log.log
2025-09-13 13:44:01 | INFO | Log sanitization enabled, personal info removed
2025-09-13 13:44:01 | INFO | START consumer.
2025-09-13 13:44:01 | INFO | Kafka topic: smoker_csv
2025-09-13 13:44:01 | INFO | Kafka consumer group id: smoker_group
2025-09-13 13:44:01 | INFO | Rolling window size: 10
2025-09-13 13:44:01 | INFO | Consumer: Topic 'smoker_csv' and group 'smoker_group'...
2025-09-13 13:44:01 | INFO | Rolling window size: 10
2025-09-13 13:44:01 | INFO | Kafka broker address: localhost:9092
2025-09-13 13:44:01 | INFO | Creating Kafka consumer. Topic='smoker_csv' and group ID='smoker_group'.
2025-09-13 13:44:01 | INFO | Kafka consumer created successfully.
2025-09-13 13:44:01 | INFO | Polling messages from topic 'smoker_csv'...
2025-09-13 13:44:02 | INFO | Sent message to topic 'smoker_csv': {'timestamp': '2025-09-13T18:44:02.412958', 'temperature': 71.2, 'heating element temperature': 456.0}
2025-09-13 13:44:04 | INFO | Processed JSON message: {'timestamp': '2025-09-13T18:43:57.411572', 'temperature': 70.8, 'heating element temperature': 463.0}
2025-09-13 13:44:04 | INFO | Rolling window size: 10
2025-09-13 13:44:04 | INFO | Processed JSON message: {'timestamp': '2025-09-13T18:44:02.412958', 'temperature': 71.2, 'heating element temperature': 456.0}
2025-09-13 13:44:04 | INFO | Rolling window size: 10
2025-09-13 13:44:07 | INFO | Sent message to topic 'smoker_csv': {'timestamp': '2025-09-13T18:44:07.414794', 'temperature': 71.6, 'heating element temperature': 451.0}
2025-09-13 13:44:07 | INFO | Processed JSON message: {'timestamp': '2025-09-13T18:44:07.414794', 'temperature': 71.6, 'heating element temperature': 451.0}
2025-09-13 13:44:07 | INFO | Rolling window size: 10
2025-09-13 13:44:12 | INFO | Sent message to topic 'smoker_csv': {'timestamp': '2025-09-13T18:44:12.416910', 'temperature': 72.0, 'heating element temperature': 446.0}
2025-09-13 13:44:12 | INFO | Processed JSON message: {'timestamp': '2025-09-13T18:44:12.416910', 'temperature': 72.0, 'heating element temperature': 446.0}
2025-09-13 13:44:12 | INFO | Rolling window size: 10
2025-09-13 13:44:19 | INFO | Sent message to topic 'smoker_csv': {'timestamp': '2025-09-13T18:44:19.188219', 'temperature': 72.4, 'heating element temperature': 451.0}
2025-09-13 13:44:19 | INFO | Processed JSON message: {'timestamp': '2025-09-13T18:44:19.188219', 'temperature': 72.4, 'heating element temperature': 451.0}
2025-09-13 13:44:19 | INFO | Rolling window size: 10
2025-09-13 13:44:24 | INFO | Sent message to topic 'smoker_csv': {'timestamp': '2025-09-13T18:44:24.189950', 'temperature': 72.8, 'heating element temperature': 456.0}
2025-09-13 13:44:24 | INFO | Processed JSON message: {'timestamp': '2025-09-13T18:44:24.189950', 'temperature': 72.8, 'heating element temperature': 456.0}
2025-09-13 13:44:24 | INFO | Rolling window size: 10
2025-09-13 13:44:29 | INFO | Sent message to topic 'smoker_csv': {'timestamp': '2025-09-13T18:44:29.191726', 'temperature': 73.2, 'heating element temperature': 461.0}
2025-09-13 13:44:29 | INFO | Processed JSON message: {'timestamp': '2025-09-13T18:44:29.191726', 'temperature': 73.2, 'heating element temperature': 461.0}
2025-09-13 13:44:29 | INFO | Rolling window size: 10
2025-09-13 13:44:34 | INFO | Sent message to topic 'smoker_csv': {'timestamp': '2025-09-13T18:44:34.193507', 'temperature': 73.6, 'heating element temperature': 466.0}
2025-09-13 13:44:34 | INFO | Processed JSON message: {'timestamp': '2025-09-13T18:44:34.193507', 'temperature': 73.6, 'heating element temperature': 466.0}
2025-09-13 13:44:34 | INFO | Rolling window size: 10
2025-09-13 13:44:39 | INFO | Sent message to topic 'smoker_csv': {'timestamp': '2025-09-13T18:44:39.196211', 'temperature': 74.0, 'heating element temperature': 461.0}
2025-09-13 13:44:39 | INFO | Processed JSON message: {'timestamp': '2025-09-13T18:44:39.196211', 'temperature': 74.0, 'heating element temperature': 461.0}
2025-09-13 13:44:39 | INFO | Rolling window size: 10
2025-09-13 13:44:44 | INFO | Sent message to topic 'smoker_csv': {'timestamp': '2025-09-13T18:44:44.197766', 'temperature': 74.4, 'heating element temperature': 466.0}
2025-09-13 13:44:44 | INFO | Processed JSON message: {'timestamp': '2025-09-13T18:44:44.197766', 'temperature': 74.4, 'heating element temperature': 466.0}
2025-09-13 13:44:44 | INFO | Rolling window size: 10
2025-09-13 13:44:44 | INFO | Max stall temperature range: 0.2 F
2025-09-13 13:44:49 | INFO | Sent message to topic 'smoker_csv': {'timestamp': '2025-09-13T18:44:49.200187', 'temperature': 74.8, 'heating element temperature': 474.0}
2025-09-13 13:44:49 | INFO | Processed JSON message: {'timestamp': '2025-09-13T18:44:49.200187', 'temperature': 74.8, 'heating element temperature': 474.0}
2025-09-13 13:44:49 | INFO | Rolling window size: 10
2025-09-13 13:44:49 | INFO | Max stall temperature range: 0.2 F
2025-09-13 13:44:55 | INFO | Sent message to topic 'smoker_csv': {'timestamp': '2025-09-13T18:44:55.976044', 'temperature': 75.2, 'heating element temperature': 479.0}
2025-09-13 13:44:55 | INFO | Processed JSON message: {'timestamp': '2025-09-13T18:44:55.976044', 'temperature': 75.2, 'heating element temperature': 479.0}
2025-09-13 13:44:55 | INFO | Rolling window size: 10
2025-09-13 13:44:55 | INFO | Max stall temperature range: 0.2 F
2025-09-13 13:45:00 | INFO | Sent message to topic 'smoker_csv': {'timestamp': '2025-09-13T18:45:00.977709', 'temperature': 75.6, 'heating element temperature': 484.0}
2025-09-13 13:45:00 | INFO | Processed JSON message: {'timestamp': '2025-09-13T18:45:00.977709', 'temperature': 75.6, 'heating element temperature': 484.0}
2025-09-13 13:45:00 | INFO | Rolling window size: 10
2025-09-13 13:45:00 | INFO | Max stall temperature range: 0.2 F
2025-09-13 13:45:05 | INFO | Sent message to topic 'smoker_csv': {'timestamp': '2025-09-13T18:45:05.978875', 'temperature': 76.0, 'heating element temperature': 479.0}
2025-09-13 13:45:05 | INFO | Processed JSON message: {'timestamp': '2025-09-13T18:45:05.978875', 'temperature': 76.0, 'heating element temperature': 479.0}
2025-09-13 13:45:05 | INFO | Rolling window size: 10
2025-09-13 13:45:05 | INFO | Max stall temperature range: 0.2 F
2025-09-13 13:45:10 | INFO | Sent message to topic 'smoker_csv': {'timestamp': '2025-09-13T18:45:10.980097', 'temperature': 76.4, 'heating element temperature': 484.0}
2025-09-13 13:45:10 | INFO | Processed JSON message: {'timestamp': '2025-09-13T18:45:10.980097', 'temperature': 76.4, 'heating element temperature': 484.0}
2025-09-13 13:45:10 | INFO | Rolling window size: 10
2025-09-13 13:45:10 | INFO | Max stall temperature range: 0.2 F
2025-09-13 13:45:15 | INFO | Sent message to topic 'smoker_csv': {'timestamp': '2025-09-13T18:45:15.984852', 'temperature': 76.8, 'heating element temperature': 477.0}
2025-09-13 13:45:15 | INFO | Processed JSON message: {'timestamp': '2025-09-13T18:45:15.984852', 'temperature': 76.8, 'heating element temperature': 477.0}
2025-09-13 13:45:15 | INFO | Rolling window size: 10
2025-09-13 13:45:15 | INFO | Max stall temperature range: 0.2 F
2025-09-13 13:45:20 | INFO | Sent message to topic 'smoker_csv': {'timestamp': '2025-09-13T18:45:20.986209', 'temperature': 77.2, 'heating element temperature': 485.0}
2025-09-13 13:45:20 | INFO | Processed JSON message: {'timestamp': '2025-09-13T18:45:20.986209', 'temperature': 77.2, 'heating element temperature': 485.0}
2025-09-13 13:45:20 | INFO | Rolling window size: 10
2025-09-13 13:45:20 | INFO | Max stall temperature range: 0.2 F
2025-09-13 13:45:28 | INFO | Sent message to topic 'smoker_csv': {'timestamp': '2025-09-13T18:45:28.008047', 'temperature': 77.6, 'heating element temperature': 478.0}
2025-09-13 13:45:28 | INFO | Processed JSON message: {'timestamp': '2025-09-13T18:45:28.008047', 'temperature': 77.6, 'heating element temperature': 478.0}
2025-09-13 13:45:28 | INFO | Rolling window size: 10
2025-09-13 13:45:28 | INFO | Max stall temperature range: 0.2 F
2025-09-13 13:45:33 | INFO | Sent message to topic 'smoker_csv': {'timestamp': '2025-09-13T18:45:33.009822', 'temperature': 78.0, 'heating element temperature': 473.0}
2025-09-13 13:45:33 | INFO | Processed JSON message: {'timestamp': '2025-09-13T18:45:33.009822', 'temperature': 78.0, 'heating element temperature': 473.0}
2025-09-13 13:45:33 | INFO | Rolling window size: 10
2025-09-13 13:45:33 | INFO | Max stall temperature range: 0.2 F
2025-09-13 13:45:38 | INFO | Sent message to topic 'smoker_csv': {'timestamp': '2025-09-13T18:45:38.011133', 'temperature': 78.4, 'heating element temperature': 466.0}
2025-09-13 13:45:38 | INFO | Processed JSON message: {'timestamp': '2025-09-13T18:45:38.011133', 'temperature': 78.4, 'heating element temperature': 466.0}
2025-09-13 13:45:38 | INFO | Rolling window size: 10
2025-09-13 13:45:38 | INFO | Max stall temperature range: 0.2 F
2025-09-13 13:45:43 | INFO | Sent message to topic 'smoker_csv': {'timestamp': '2025-09-13T18:45:43.013433', 'temperature': 78.8, 'heating element temperature': 471.0}
2025-09-13 13:45:43 | INFO | Processed JSON message: {'timestamp': '2025-09-13T18:45:43.013433', 'temperature': 78.8, 'heating element temperature': 471.0}
2025-09-13 13:45:43 | INFO | Rolling window size: 10
2025-09-13 13:45:43 | INFO | Max stall temperature range: 0.2 F
2025-09-13 13:45:48 | INFO | Sent message to topic 'smoker_csv': {'timestamp': '2025-09-13T18:45:48.015073', 'temperature': 79.2, 'heating element temperature': 464.0}
2025-09-13 13:45:48 | INFO | Processed JSON message: {'timestamp': '2025-09-13T18:45:48.015073', 'temperature': 79.2, 'heating element temperature': 464.0}
2025-09-13 13:45:48 | INFO | Rolling window size: 10
2025-09-13 13:45:48 | INFO | Max stall temperature range: 0.2 F
2025-09-13 13:45:53 | INFO | Sent message to topic 'smoker_csv': {'timestamp': '2025-09-13T18:45:53.016369', 'temperature': 79.6, 'heating element temperature': 457.0}
2025-09-13 13:45:53 | INFO | Processed JSON message: {'timestamp': '2025-09-13T18:45:53.016369', 'temperature': 79.6, 'heating element temperature': 457.0}
2025-09-13 13:45:53 | INFO | Rolling window size: 10
2025-09-13 13:45:53 | INFO | Max stall temperature range: 0.2 F
2025-09-13 13:45:58 | INFO | Sent message to topic 'smoker_csv': {'timestamp': '2025-09-13T18:45:58.017902', 'temperature': 80.0, 'heating element temperature': 462.0}
2025-09-13 13:45:58 | INFO | Processed JSON message: {'timestamp': '2025-09-13T18:45:58.017902', 'temperature': 80.0, 'heating element temperature': 462.0}
2025-09-13 13:45:58 | INFO | Rolling window size: 10
2025-09-13 13:45:58 | INFO | Max stall temperature range: 0.2 F
2025-09-13 13:46:04 | INFO | Sent message to topic 'smoker_csv': {'timestamp': '2025-09-13T18:46:04.426711', 'temperature': 80.4, 'heating element temperature': 455.0}
2025-09-13 13:46:04 | INFO | Processed JSON message: {'timestamp': '2025-09-13T18:46:04.426711', 'temperature': 80.4, 'heating element temperature': 455.0}
2025-09-13 13:46:04 | INFO | Rolling window size: 10
2025-09-13 13:46:04 | INFO | Max stall temperature range: 0.2 F
2025-09-13 13:46:09 | INFO | Sent message to topic 'smoker_csv': {'timestamp': '2025-09-13T18:46:09.429418', 'temperature': 80.8, 'heating element temperature': 448.0}
2025-09-13 13:46:09 | INFO | Processed JSON message: {'timestamp': '2025-09-13T18:46:09.429418', 'temperature': 80.8, 'heating element temperature': 448.0}
2025-09-13 13:46:09 | INFO | Rolling window size: 10
2025-09-13 13:46:09 | INFO | Max stall temperature range: 0.2 F
2025-09-13 13:46:14 | INFO | Sent message to topic 'smoker_csv': {'timestamp': '2025-09-13T18:46:14.432346', 'temperature': 81.2, 'heating element temperature': 441.0}
2025-09-13 13:46:14 | INFO | Processed JSON message: {'timestamp': '2025-09-13T18:46:14.432346', 'temperature': 81.2, 'heating element temperature': 441.0}
2025-09-13 13:46:14 | INFO | Rolling window size: 10
2025-09-13 13:46:14 | INFO | Max stall temperature range: 0.2 F
2025-09-13 13:46:19 | INFO | Sent message to topic 'smoker_csv': {'timestamp': '2025-09-13T18:46:19.433818', 'temperature': 81.6, 'heating element temperature': 449.0}
2025-09-13 13:46:19 | INFO | Processed JSON message: {'timestamp': '2025-09-13T18:46:19.433818', 'temperature': 81.6, 'heating element temperature': 449.0}
2025-09-13 13:46:19 | INFO | Rolling window size: 10
2025-09-13 13:46:19 | INFO | Max stall temperature range: 0.2 F
2025-09-13 13:46:24 | INFO | Sent message to topic 'smoker_csv': {'timestamp': '2025-09-13T18:46:24.434959', 'temperature': 82.0, 'heating element temperature': 444.0}
2025-09-13 13:46:24 | INFO | Processed JSON message: {'timestamp': '2025-09-13T18:46:24.434959', 'temperature': 82.0, 'heating element temperature': 444.0}
2025-09-13 13:46:24 | INFO | Rolling window size: 10
2025-09-13 13:46:24 | INFO | Max stall temperature range: 0.2 F
2025-09-13 13:46:29 | INFO | Sent message to topic 'smoker_csv': {'timestamp': '2025-09-13T18:46:29.436584', 'temperature': 82.4, 'heating element temperature': 449.0}
2025-09-13 13:46:29 | INFO | Processed JSON message: {'timestamp': '2025-09-13T18:46:29.436584', 'temperature': 82.4, 'heating element temperature': 449.0}
2025-09-13 13:46:29 | INFO | Rolling window size: 10
2025-09-13 13:46:29 | INFO | Max stall temperature range: 0.2 F
2025-09-13 13:46:36 | INFO | Sent message to topic 'smoker_csv': {'timestamp': '2025-09-13T18:46:36.144956', 'temperature': 82.8, 'heating element temperature': 444.0}
2025-09-13 13:46:36 | INFO | Processed JSON message: {'timestamp': '2025-09-13T18:46:36.144956', 'temperature': 82.8, 'heating element temperature': 444.0}
2025-09-13 13:46:36 | INFO | Rolling window size: 10
2025-09-13 13:46:36 | INFO | Max stall temperature range: 0.2 F
2025-09-13 13:46:41 | INFO | Sent message to topic 'smoker_csv': {'timestamp': '2025-09-13T18:46:41.146419', 'temperature': 83.2, 'heating element temperature': 449.0}
2025-09-13 13:46:41 | INFO | Processed JSON message: {'timestamp': '2025-09-13T18:46:41.146419', 'temperature': 83.2, 'heating element temperature': 449.0}
2025-09-13 13:46:41 | INFO | Rolling window size: 10
2025-09-13 13:46:41 | INFO | Max stall temperature range: 0.2 F
2025-09-13 13:46:46 | INFO | Sent message to topic 'smoker_csv': {'timestamp': '2025-09-13T18:46:46.147863', 'temperature': 83.6, 'heating element temperature': 454.0}
2025-09-13 13:46:46 | INFO | Processed JSON message: {'timestamp': '2025-09-13T18:46:46.147863', 'temperature': 83.6, 'heating element temperature': 454.0}
2025-09-13 13:46:46 | INFO | Rolling window size: 10
2025-09-13 13:46:46 | INFO | Max stall temperature range: 0.2 F
2025-09-13 13:46:51 | INFO | Sent message to topic 'smoker_csv': {'timestamp': '2025-09-13T18:46:51.150100', 'temperature': 84.0, 'heating element temperature': 447.0}
2025-09-13 13:46:51 | INFO | Processed JSON message: {'timestamp': '2025-09-13T18:46:51.150100', 'temperature': 84.0, 'heating element temperature': 447.0}
2025-09-13 13:46:51 | INFO | Rolling window size: 10
2025-09-13 13:46:51 | INFO | Max stall temperature range: 0.2 F
2025-09-13 13:46:56 | INFO | Sent message to topic 'smoker_csv': {'timestamp': '2025-09-13T18:46:56.152504', 'temperature': 84.4, 'heating element temperature': 440.0}
2025-09-13 13:46:56 | INFO | Processed JSON message: {'timestamp': '2025-09-13T18:46:56.152504', 'temperature': 84.4, 'heating element temperature': 440.0}
2025-09-13 13:46:56 | INFO | Rolling window size: 10
2025-09-13 13:46:56 | INFO | Max stall temperature range: 0.2 F
2025-09-13 13:47:01 | INFO | Sent message to topic 'smoker_csv': {'timestamp': '2025-09-13T18:47:01.154705', 'temperature': 84.8, 'heating element temperature': 445.0}
2025-09-13 13:47:01 | INFO | Processed JSON message: {'timestamp': '2025-09-13T18:47:01.154705', 'temperature': 84.8, 'heating element temperature': 445.0}
2025-09-13 13:47:01 | INFO | Rolling window size: 10
2025-09-13 13:47:01 | INFO | Max stall temperature range: 0.2 F
2025-09-13 13:47:07 | INFO | Sent message to topic 'smoker_csv': {'timestamp': '2025-09-13T18:47:07.969140', 'temperature': 85.2, 'heating element temperature': 438.0}
2025-09-13 13:47:07 | INFO | Processed JSON message: {'timestamp': '2025-09-13T18:47:07.969140', 'temperature': 85.2, 'heating element temperature': 438.0}
2025-09-13 13:47:07 | WARNING | ⚠️ ALERT: Increase heating element temperature — Temp: 85.2, Heating Element Temp: 438.0, Diff: 352.8
2025-09-13 13:47:07 | INFO | Rolling window size: 10
2025-09-13 13:47:07 | INFO | Max stall temperature range: 0.2 F
2025-09-13 13:47:12 | INFO | Sent message to topic 'smoker_csv': {'timestamp': '2025-09-13T18:47:12.970606', 'temperature': 85.6, 'heating element temperature': 431.0}
2025-09-13 13:47:12 | INFO | Processed JSON message: {'timestamp': '2025-09-13T18:47:12.970606', 'temperature': 85.6, 'heating element temperature': 431.0}
2025-09-13 13:47:12 | WARNING | ⚠️ ALERT: Increase heating element temperature — Temp: 85.6, Heating Element Temp: 431.0, Diff: 345.4
2025-09-13 13:47:12 | INFO | Rolling window size: 10
2025-09-13 13:47:12 | INFO | Max stall temperature range: 0.2 F
2025-09-13 13:47:17 | INFO | Sent message to topic 'smoker_csv': {'timestamp': '2025-09-13T18:47:17.972083', 'temperature': 86.0, 'heating element temperature': 424.0}
2025-09-13 13:47:17 | INFO | Processed JSON message: {'timestamp': '2025-09-13T18:47:17.972083', 'temperature': 86.0, 'heating element temperature': 424.0}
2025-09-13 13:47:17 | WARNING | ⚠️ ALERT: Increase heating element temperature — Temp: 86.0, Heating Element Temp: 424.0, Diff: 338.0
2025-09-13 13:47:17 | INFO | Rolling window size: 10
2025-09-13 13:47:17 | INFO | Max stall temperature range: 0.2 F
2025-09-13 13:47:22 | INFO | Sent message to topic 'smoker_csv': {'timestamp': '2025-09-13T18:47:22.973335', 'temperature': 86.4, 'heating element temperature': 429.0}
2025-09-13 13:47:22 | INFO | Processed JSON message: {'timestamp': '2025-09-13T18:47:22.973335', 'temperature': 86.4, 'heating element temperature': 429.0}
2025-09-13 13:47:22 | WARNING | ⚠️ ALERT: Increase heating element temperature — Temp: 86.4, Heating Element Temp: 429.0, Diff: 342.6
2025-09-13 13:47:22 | INFO | Rolling window size: 10
2025-09-13 13:47:22 | INFO | Max stall temperature range: 0.2 F
2025-09-13 13:47:27 | INFO | Sent message to topic 'smoker_csv': {'timestamp': '2025-09-13T18:47:27.974494', 'temperature': 86.8, 'heating element temperature': 422.0}
2025-09-13 13:47:27 | INFO | Processed JSON message: {'timestamp': '2025-09-13T18:47:27.974494', 'temperature': 86.8, 'heating element temperature': 422.0}
2025-09-13 13:47:27 | WARNING | ⚠️ ALERT: Increase heating element temperature — Temp: 86.8, Heating Element Temp: 422.0, Diff: 335.2
2025-09-13 13:47:27 | INFO | Rolling window size: 10
2025-09-13 13:47:27 | INFO | Max stall temperature range: 0.2 F
2025-09-13 13:47:29 | WARNING | Consumer interrupted by user.
2025-09-13 13:47:29 | INFO | Kafka consumer for topic 'smoker_csv' closed.
2025-09-13 13:47:30 | WARNING | Producer interrupted by user.
2025-09-13 13:47:30 | INFO | Kafka producer closed.
2025-09-13 13:47:30 | INFO | END producer.
2025-09-13 14:22:45 | INFO | Logging to file: logs/project_log.log
2025-09-13 14:22:45 | INFO | Log sanitization enabled, personal info removed
2025-09-13 14:22:45 | INFO | Project root: PROJECT_ROOT
2025-09-13 14:22:45 | INFO | Data folder: PROJECT_ROOT/data
2025-09-13 14:22:45 | INFO | Data file: PROJECT_ROOT/data/buzz.json
2025-09-13 14:22:45 | INFO | START producer.
2025-09-13 14:22:45 | INFO | Kafka broker address: localhost:9092
2025-09-13 14:22:46 | INFO | Kafka is ready. Brokers: {'throttle_time_ms': 0, 'brokers': [{'node_id': 1, 'host': 'localhost', 'port': 9092, 'rack': None}], 'cluster_id': 'Bd7M59CXSwSf8kb1RGO2PA', 'controller_id': 1}
2025-09-13 14:22:46 | INFO | Kafka topic: buzzline_json
2025-09-13 14:22:46 | INFO | Message interval: 1 seconds
2025-09-13 14:22:46 | INFO | Kafka broker address: localhost:9092
2025-09-13 14:22:46 | INFO | Connecting to Kafka broker at localhost:9092...
2025-09-13 14:22:46 | INFO | Kafka producer successfully created.
2025-09-13 14:22:46 | INFO | Kafka broker address: localhost:9092
2025-09-13 14:22:46 | INFO | Topic 'buzzline_json' created successfully.
2025-09-13 14:22:46 | INFO | Kafka topic 'buzzline_json' is ready.
2025-09-13 14:22:46 | INFO | Starting message production to topic 'buzzline_json'...
2025-09-13 14:22:46 | INFO | Opening data file in read mode: PROJECT_ROOT/data/buzz.json
2025-09-13 14:22:46 | INFO | Reading data from file: PROJECT_ROOT/data/buzz.json
2025-09-13 14:22:47 | INFO | Sent message to topic 'buzzline_json': {'message': 'Data engineering is my passion.', 'author': 'Eve', 'city': 'PORTLAND', 'age': '41'}
2025-09-13 14:22:48 | INFO | Sent message to topic 'buzzline_json': {'message': 'Distributed systems are fascinating.', 'author': 'Alice', 'city': 'CLEVELAND', 'age': '55'}
2025-09-13 14:22:49 | INFO | Sent message to topic 'buzzline_json': {'message': 'Have a great day!', 'author': 'Charlie', 'city': 'NEW YORK', 'age': '48'}
2025-09-13 14:22:50 | INFO | Sent message to topic 'buzzline_json': {'message': 'Data engineering is my passion.', 'author': 'Alice', 'city': 'PORTLAND', 'age': '41'}
2025-09-13 14:22:51 | INFO | Sent message to topic 'buzzline_json': {'message': 'Distributed systems are fascinating.', 'author': 'Diana', 'city': 'BOSTON', 'age': '52'}
2025-09-13 14:22:52 | INFO | Sent message to topic 'buzzline_json': {'message': 'Buzz messages for everyone.', 'author': 'Alice', 'city': 'BOSTON', 'age': '33'}
2025-09-13 14:22:53 | INFO | Sent message to topic 'buzzline_json': {'message': 'Hello, Kafka world!', 'author': 'Diana', 'city': 'BOSTON', 'age': '41'}
2025-09-13 14:22:54 | INFO | Sent message to topic 'buzzline_json': {'message': 'This is a buzz message.', 'author': 'Eve', 'city': 'CLEVELAND', 'age': '41'}
2025-09-13 14:22:55 | INFO | Sent message to topic 'buzzline_json': {'message': 'JSON makes life easier.', 'author': 'Eve', 'city': 'HUSTON', 'age': '52'}
2025-09-13 14:22:56 | INFO | Sent message to topic 'buzzline_json': {'message': 'JSON makes life easier.', 'author': 'Alice', 'city': 'BOSTON', 'age': '48'}
2025-09-13 14:22:57 | INFO | Sent message to topic 'buzzline_json': {'message': 'Data engineering is my passion.', 'author': 'Diana', 'city': 'BOSTON', 'age': '48'}
2025-09-13 14:22:58 | INFO | Sent message to topic 'buzzline_json': {'message': 'JSON makes life easier.', 'author': 'Diana', 'city': 'PORTLAND', 'age': '55'}
2025-09-13 14:22:59 | INFO | Sent message to topic 'buzzline_json': {'message': 'Kafka is awesome.', 'author': 'Charlie', 'city': 'CLEVELAND', 'age': '46'}
2025-09-13 14:22:59 | INFO | Logging to file: logs/project_log.log
2025-09-13 14:22:59 | INFO | Log sanitization enabled, personal info removed
2025-09-13 14:22:59 | INFO | START consumer.
2025-09-13 14:22:59 | INFO | Kafka topic: buzzline_json
2025-09-13 14:22:59 | INFO | Kafka consumer group id: buzz_group
2025-09-13 14:22:59 | INFO | Consumer: Topic 'buzzline_json' and group 'buzz_group'...
2025-09-13 14:22:59 | INFO | Kafka broker address: localhost:9092
2025-09-13 14:22:59 | INFO | Creating Kafka consumer. Topic='buzzline_json' and group ID='buzz_group'.
2025-09-13 14:22:59 | INFO | Kafka consumer created successfully.
2025-09-13 14:22:59 | INFO | Polling messages from topic 'buzzline_json'...
2025-09-13 14:23:00 | INFO | Sent message to topic 'buzzline_json': {'message': 'JSON makes life easier.', 'author': 'Bob', 'city': 'NEW YORK', 'age': '48'}
2025-09-13 14:23:01 | INFO | Sent message to topic 'buzzline_json': {'message': 'I love Python!', 'author': 'Bob', 'city': 'BOSTON', 'age': '41'}
2025-09-13 14:23:02 | INFO | Sent message to topic 'buzzline_json': {'message': 'This is a buzz message.', 'author': 'Eve', 'city': 'CLEVELAND', 'age': '33'}
2025-09-13 14:23:03 | INFO | Processed JSON message: {'message': 'Data engineering is my passion.', 'author': 'Eve', 'city': 'PORTLAND', 'age': '41'}
2025-09-13 14:23:03 | INFO | Sent message to topic 'buzzline_json': {'message': 'I love Python!', 'author': 'Eve', 'city': 'CHICAGO', 'age': '41'}
2025-09-13 14:23:03 | INFO | Message received from author: Eve
2025-09-13 14:23:03 | INFO | Updated author counts: {'Eve': 1}
2025-09-13 14:23:03 | INFO | Processed JSON message: {'message': 'Distributed systems are fascinating.', 'author': 'Alice', 'city': 'CLEVELAND', 'age': '55'}
2025-09-13 14:23:03 | INFO | Message received from author: Alice
2025-09-13 14:23:03 | INFO | Updated author counts: {'Eve': 1, 'Alice': 1}
2025-09-13 14:23:03 | INFO | Processed JSON message: {'message': 'Have a great day!', 'author': 'Charlie', 'city': 'NEW YORK', 'age': '48'}
2025-09-13 14:23:03 | INFO | Message received from author: Charlie
2025-09-13 14:23:03 | INFO | Updated author counts: {'Eve': 1, 'Alice': 1, 'Charlie': 1}
2025-09-13 14:23:03 | INFO | Processed JSON message: {'message': 'Data engineering is my passion.', 'author': 'Alice', 'city': 'PORTLAND', 'age': '41'}
2025-09-13 14:23:03 | INFO | Message received from author: Alice
2025-09-13 14:23:03 | INFO | Updated author counts: {'Eve': 1, 'Alice': 2, 'Charlie': 1}
2025-09-13 14:23:03 | INFO | Processed JSON message: {'message': 'Distributed systems are fascinating.', 'author': 'Diana', 'city': 'BOSTON', 'age': '52'}
2025-09-13 14:23:03 | INFO | Message received from author: Diana
2025-09-13 14:23:03 | INFO | Updated author counts: {'Eve': 1, 'Alice': 2, 'Charlie': 1, 'Diana': 1}
2025-09-13 14:23:03 | INFO | Processed JSON message: {'message': 'Buzz messages for everyone.', 'author': 'Alice', 'city': 'BOSTON', 'age': '33'}
2025-09-13 14:23:03 | INFO | Message received from author: Alice
2025-09-13 14:23:03 | INFO | Updated author counts: {'Eve': 1, 'Alice': 3, 'Charlie': 1, 'Diana': 1}
2025-09-13 14:23:03 | INFO | Processed JSON message: {'message': 'Hello, Kafka world!', 'author': 'Diana', 'city': 'BOSTON', 'age': '41'}
2025-09-13 14:23:03 | INFO | Message received from author: Diana
2025-09-13 14:23:03 | INFO | Updated author counts: {'Eve': 1, 'Alice': 3, 'Charlie': 1, 'Diana': 2}
2025-09-13 14:23:03 | INFO | Processed JSON message: {'message': 'This is a buzz message.', 'author': 'Eve', 'city': 'CLEVELAND', 'age': '41'}
2025-09-13 14:23:03 | INFO | Message received from author: Eve
2025-09-13 14:23:03 | INFO | Updated author counts: {'Eve': 2, 'Alice': 3, 'Charlie': 1, 'Diana': 2}
2025-09-13 14:23:03 | INFO | Processed JSON message: {'message': 'JSON makes life easier.', 'author': 'Eve', 'city': 'HUSTON', 'age': '52'}
2025-09-13 14:23:03 | INFO | Message received from author: Eve
2025-09-13 14:23:03 | INFO | Updated author counts: {'Eve': 3, 'Alice': 3, 'Charlie': 1, 'Diana': 2}
2025-09-13 14:23:03 | INFO | Processed JSON message: {'message': 'JSON makes life easier.', 'author': 'Alice', 'city': 'BOSTON', 'age': '48'}
2025-09-13 14:23:03 | INFO | Message received from author: Alice
2025-09-13 14:23:03 | INFO | Updated author counts: {'Eve': 3, 'Alice': 4, 'Charlie': 1, 'Diana': 2}
2025-09-13 14:23:03 | INFO | Processed JSON message: {'message': 'Data engineering is my passion.', 'author': 'Diana', 'city': 'BOSTON', 'age': '48'}
2025-09-13 14:23:03 | INFO | Message received from author: Diana
2025-09-13 14:23:03 | INFO | Updated author counts: {'Eve': 3, 'Alice': 4, 'Charlie': 1, 'Diana': 3}
2025-09-13 14:23:03 | INFO | Processed JSON message: {'message': 'JSON makes life easier.', 'author': 'Diana', 'city': 'PORTLAND', 'age': '55'}
2025-09-13 14:23:03 | INFO | Message received from author: Diana
2025-09-13 14:23:03 | INFO | Updated author counts: {'Eve': 3, 'Alice': 4, 'Charlie': 1, 'Diana': 4}
2025-09-13 14:23:03 | INFO | Processed JSON message: {'message': 'Kafka is awesome.', 'author': 'Charlie', 'city': 'CLEVELAND', 'age': '46'}
2025-09-13 14:23:03 | INFO | Message received from author: Charlie
2025-09-13 14:23:03 | INFO | Updated author counts: {'Eve': 3, 'Alice': 4, 'Charlie': 2, 'Diana': 4}
2025-09-13 14:23:03 | INFO | Processed JSON message: {'message': 'JSON makes life easier.', 'author': 'Bob', 'city': 'NEW YORK', 'age': '48'}
2025-09-13 14:23:03 | INFO | Message received from author: Bob
2025-09-13 14:23:03 | INFO | Updated author counts: {'Eve': 3, 'Alice': 4, 'Charlie': 2, 'Diana': 4, 'Bob': 1}
2025-09-13 14:23:03 | INFO | Processed JSON message: {'message': 'I love Python!', 'author': 'Bob', 'city': 'BOSTON', 'age': '41'}
2025-09-13 14:23:03 | INFO | Message received from author: Bob
2025-09-13 14:23:03 | INFO | Updated author counts: {'Eve': 3, 'Alice': 4, 'Charlie': 2, 'Diana': 4, 'Bob': 2}
2025-09-13 14:23:03 | INFO | Processed JSON message: {'message': 'This is a buzz message.', 'author': 'Eve', 'city': 'CLEVELAND', 'age': '33'}
2025-09-13 14:23:03 | INFO | Message received from author: Eve
2025-09-13 14:23:03 | INFO | Updated author counts: {'Eve': 4, 'Alice': 4, 'Charlie': 2, 'Diana': 4, 'Bob': 2}
2025-09-13 14:23:03 | INFO | Processed JSON message: {'message': 'I love Python!', 'author': 'Eve', 'city': 'CHICAGO', 'age': '41'}
2025-09-13 14:23:03 | INFO | Message received from author: Eve
2025-09-13 14:23:03 | INFO | Updated author counts: {'Eve': 5, 'Alice': 4, 'Charlie': 2, 'Diana': 4, 'Bob': 2}
2025-09-13 14:23:06 | INFO | Sent message to topic 'buzzline_json': {'message': 'Buzz messages for everyone.', 'author': 'Alice', 'city': 'CLEVELAND', 'age': '33'}
2025-09-13 14:23:06 | INFO | Processed JSON message: {'message': 'Buzz messages for everyone.', 'author': 'Alice', 'city': 'CLEVELAND', 'age': '33'}
2025-09-13 14:23:06 | INFO | Message received from author: Alice
2025-09-13 14:23:06 | INFO | Updated author counts: {'Eve': 5, 'Alice': 5, 'Charlie': 2, 'Diana': 4, 'Bob': 2}
2025-09-13 14:23:07 | INFO | Sent message to topic 'buzzline_json': {'message': 'This is a buzz message.', 'author': 'Alice', 'city': 'HUSTON', 'age': '48'}
2025-09-13 14:23:07 | INFO | Processed JSON message: {'message': 'This is a buzz message.', 'author': 'Alice', 'city': 'HUSTON', 'age': '48'}
2025-09-13 14:23:07 | INFO | Message received from author: Alice
2025-09-13 14:23:07 | INFO | Updated author counts: {'Eve': 5, 'Alice': 6, 'Charlie': 2, 'Diana': 4, 'Bob': 2}
2025-09-13 14:23:08 | INFO | Sent message to topic 'buzzline_json': {'message': 'Data engineering is my passion.', 'author': 'Diana', 'city': 'HUSTON', 'age': '46'}
2025-09-13 14:23:08 | INFO | Processed JSON message: {'message': 'Data engineering is my passion.', 'author': 'Diana', 'city': 'HUSTON', 'age': '46'}
2025-09-13 14:23:08 | INFO | Message received from author: Diana
2025-09-13 14:23:08 | INFO | Updated author counts: {'Eve': 5, 'Alice': 6, 'Charlie': 2, 'Diana': 5, 'Bob': 2}
2025-09-13 14:23:09 | INFO | Sent message to topic 'buzzline_json': {'message': 'I love Python!', 'author': 'Eve', 'city': 'CHICAGO', 'age': '48'}
2025-09-13 14:23:09 | INFO | Processed JSON message: {'message': 'I love Python!', 'author': 'Eve', 'city': 'CHICAGO', 'age': '48'}
2025-09-13 14:23:09 | INFO | Message received from author: Eve
2025-09-13 14:23:09 | INFO | Updated author counts: {'Eve': 6, 'Alice': 6, 'Charlie': 2, 'Diana': 5, 'Bob': 2}
2025-09-13 14:23:10 | INFO | Sent message to topic 'buzzline_json': {'message': 'JSON makes life easier.', 'author': 'Charlie', 'city': 'PORTLAND', 'age': '41'}
2025-09-13 14:23:10 | INFO | Processed JSON message: {'message': 'JSON makes life easier.', 'author': 'Charlie', 'city': 'PORTLAND', 'age': '41'}
2025-09-13 14:23:10 | INFO | Message received from author: Charlie
2025-09-13 14:23:10 | INFO | Updated author counts: {'Eve': 6, 'Alice': 6, 'Charlie': 3, 'Diana': 5, 'Bob': 2}
2025-09-13 14:23:11 | INFO | Sent message to topic 'buzzline_json': {'message': 'Have a great day!', 'author': 'Bob', 'city': 'CLEVELAND', 'age': '55'}
2025-09-13 14:23:11 | INFO | Processed JSON message: {'message': 'Have a great day!', 'author': 'Bob', 'city': 'CLEVELAND', 'age': '55'}
2025-09-13 14:23:11 | INFO | Message received from author: Bob
2025-09-13 14:23:11 | INFO | Updated author counts: {'Eve': 6, 'Alice': 6, 'Charlie': 3, 'Diana': 5, 'Bob': 3}
2025-09-13 14:23:12 | INFO | Sent message to topic 'buzzline_json': {'message': 'Data engineering is my passion.', 'author': 'Alice', 'city': 'PORTLAND', 'age': '52'}
2025-09-13 14:23:12 | INFO | Processed JSON message: {'message': 'Data engineering is my passion.', 'author': 'Alice', 'city': 'PORTLAND', 'age': '52'}
2025-09-13 14:23:12 | INFO | Message received from author: Alice
2025-09-13 14:23:12 | INFO | Updated author counts: {'Eve': 6, 'Alice': 7, 'Charlie': 3, 'Diana': 5, 'Bob': 3}
2025-09-13 14:23:13 | INFO | Sent message to topic 'buzzline_json': {'message': 'Kafka is awesome.', 'author': 'Diana', 'city': 'NEW YORK', 'age': '41'}
2025-09-13 14:23:13 | INFO | Processed JSON message: {'message': 'Kafka is awesome.', 'author': 'Diana', 'city': 'NEW YORK', 'age': '41'}
2025-09-13 14:23:13 | INFO | Message received from author: Diana
2025-09-13 14:23:13 | INFO | Updated author counts: {'Eve': 6, 'Alice': 7, 'Charlie': 3, 'Diana': 6, 'Bob': 3}
2025-09-13 14:23:14 | INFO | Sent message to topic 'buzzline_json': {'message': 'Kafka is awesome.', 'author': 'Diana', 'city': 'PORTLAND', 'age': '33'}
2025-09-13 14:23:14 | INFO | Processed JSON message: {'message': 'Kafka is awesome.', 'author': 'Diana', 'city': 'PORTLAND', 'age': '33'}
2025-09-13 14:23:14 | INFO | Message received from author: Diana
2025-09-13 14:23:14 | INFO | Updated author counts: {'Eve': 6, 'Alice': 7, 'Charlie': 3, 'Diana': 7, 'Bob': 3}
2025-09-13 14:23:15 | INFO | Sent message to topic 'buzzline_json': {'message': 'Hello, Kafka world!', 'author': 'Bob', 'city': 'DETROIT', 'age': '33'}
2025-09-13 14:23:15 | INFO | Processed JSON message: {'message': 'Hello, Kafka world!', 'author': 'Bob', 'city': 'DETROIT', 'age': '33'}
2025-09-13 14:23:15 | INFO | Message received from author: Bob
2025-09-13 14:23:15 | INFO | Updated author counts: {'Eve': 6, 'Alice': 7, 'Charlie': 3, 'Diana': 7, 'Bob': 4}
2025-09-13 14:23:16 | INFO | Sent message to topic 'buzzline_json': {'message': 'Distributed systems are fascinating.', 'author': 'Diana', 'city': 'PORTLAND', 'age': '46'}
2025-09-13 14:23:16 | INFO | Processed JSON message: {'message': 'Distributed systems are fascinating.', 'author': 'Diana', 'city': 'PORTLAND', 'age': '46'}
2025-09-13 14:23:16 | INFO | Message received from author: Diana
2025-09-13 14:23:16 | INFO | Updated author counts: {'Eve': 6, 'Alice': 7, 'Charlie': 3, 'Diana': 8, 'Bob': 4}
2025-09-13 14:23:17 | INFO | Sent message to topic 'buzzline_json': {'message': 'I love Python!', 'author': 'Diana', 'city': 'NEW YORK', 'age': '55'}
2025-09-13 14:23:17 | INFO | Processed JSON message: {'message': 'I love Python!', 'author': 'Diana', 'city': 'NEW YORK', 'age': '55'}
2025-09-13 14:23:17 | INFO | Message received from author: Diana
2025-09-13 14:23:17 | INFO | Updated author counts: {'Eve': 6, 'Alice': 7, 'Charlie': 3, 'Diana': 9, 'Bob': 4}
2025-09-13 14:23:18 | INFO | Sent message to topic 'buzzline_json': {'message': 'Have a great day!', 'author': 'Alice', 'city': 'DETROIT', 'age': '46'}
2025-09-13 14:23:18 | INFO | Processed JSON message: {'message': 'Have a great day!', 'author': 'Alice', 'city': 'DETROIT', 'age': '46'}
2025-09-13 14:23:18 | INFO | Message received from author: Alice
2025-09-13 14:23:18 | INFO | Updated author counts: {'Eve': 6, 'Alice': 8, 'Charlie': 3, 'Diana': 9, 'Bob': 4}
2025-09-13 14:23:18 | WARNING | 🚨 ALERT: Match found — City: DETROIT, Age: 46.0 (Total Matches: 1)
2025-09-13 14:23:19 | INFO | Sent message to topic 'buzzline_json': {'message': 'Hello, Kafka world!', 'author': 'Charlie', 'city': 'HUSTON', 'age': '55'}
2025-09-13 14:23:19 | INFO | Processed JSON message: {'message': 'Hello, Kafka world!', 'author': 'Charlie', 'city': 'HUSTON', 'age': '55'}
2025-09-13 14:23:19 | INFO | Message received from author: Charlie
2025-09-13 14:23:19 | INFO | Updated author counts: {'Eve': 6, 'Alice': 8, 'Charlie': 4, 'Diana': 9, 'Bob': 4}
2025-09-13 14:23:20 | INFO | Sent message to topic 'buzzline_json': {'message': 'JSON makes life easier.', 'author': 'Diana', 'city': 'CHICAGO', 'age': '33'}
2025-09-13 14:23:20 | INFO | Processed JSON message: {'message': 'JSON makes life easier.', 'author': 'Diana', 'city': 'CHICAGO', 'age': '33'}
2025-09-13 14:23:20 | INFO | Message received from author: Diana
2025-09-13 14:23:20 | INFO | Updated author counts: {'Eve': 6, 'Alice': 8, 'Charlie': 4, 'Diana': 10, 'Bob': 4}
2025-09-13 14:23:21 | INFO | Sent message to topic 'buzzline_json': {'message': 'I love Python!', 'author': 'Bob', 'city': 'NEW YORK', 'age': '52'}
2025-09-13 14:23:21 | INFO | Processed JSON message: {'message': 'I love Python!', 'author': 'Bob', 'city': 'NEW YORK', 'age': '52'}
2025-09-13 14:23:21 | INFO | Message received from author: Bob
2025-09-13 14:23:21 | INFO | Updated author counts: {'Eve': 6, 'Alice': 8, 'Charlie': 4, 'Diana': 10, 'Bob': 5}
2025-09-13 14:23:22 | INFO | Sent message to topic 'buzzline_json': {'message': 'Have a great day!', 'author': 'Diana', 'city': 'HUSTON', 'age': '41'}
2025-09-13 14:23:22 | INFO | Processed JSON message: {'message': 'Have a great day!', 'author': 'Diana', 'city': 'HUSTON', 'age': '41'}
2025-09-13 14:23:22 | INFO | Message received from author: Diana
2025-09-13 14:23:22 | INFO | Updated author counts: {'Eve': 6, 'Alice': 8, 'Charlie': 4, 'Diana': 11, 'Bob': 5}
2025-09-13 14:23:23 | INFO | Sent message to topic 'buzzline_json': {'message': 'Hello, Kafka world!', 'author': 'Alice', 'city': 'CHICAGO', 'age': '33'}
2025-09-13 14:23:23 | INFO | Processed JSON message: {'message': 'Hello, Kafka world!', 'author': 'Alice', 'city': 'CHICAGO', 'age': '33'}
2025-09-13 14:23:23 | INFO | Message received from author: Alice
2025-09-13 14:23:23 | INFO | Updated author counts: {'Eve': 6, 'Alice': 9, 'Charlie': 4, 'Diana': 11, 'Bob': 5}
2025-09-13 14:23:24 | INFO | Sent message to topic 'buzzline_json': {'message': 'JSON makes life easier.', 'author': 'Alice', 'city': 'BOSTON', 'age': '41'}
2025-09-13 14:23:24 | INFO | Processed JSON message: {'message': 'JSON makes life easier.', 'author': 'Alice', 'city': 'BOSTON', 'age': '41'}
2025-09-13 14:23:24 | INFO | Message received from author: Alice
2025-09-13 14:23:24 | INFO | Updated author counts: {'Eve': 6, 'Alice': 10, 'Charlie': 4, 'Diana': 11, 'Bob': 5}
2025-09-13 14:23:25 | INFO | Sent message to topic 'buzzline_json': {'message': 'Buzz messages for everyone.', 'author': 'Charlie', 'city': 'HUSTON', 'age': '52'}
2025-09-13 14:23:25 | INFO | Processed JSON message: {'message': 'Buzz messages for everyone.', 'author': 'Charlie', 'city': 'HUSTON', 'age': '52'}
2025-09-13 14:23:25 | INFO | Message received from author: Charlie
2025-09-13 14:23:25 | INFO | Updated author counts: {'Eve': 6, 'Alice': 10, 'Charlie': 5, 'Diana': 11, 'Bob': 5}
2025-09-13 14:23:26 | INFO | Sent message to topic 'buzzline_json': {'message': 'Buzz messages for everyone.', 'author': 'Bob', 'city': 'PORTLAND', 'age': '55'}
2025-09-13 14:23:26 | INFO | Processed JSON message: {'message': 'Buzz messages for everyone.', 'author': 'Bob', 'city': 'PORTLAND', 'age': '55'}
2025-09-13 14:23:26 | INFO | Message received from author: Bob
2025-09-13 14:23:26 | INFO | Updated author counts: {'Eve': 6, 'Alice': 10, 'Charlie': 5, 'Diana': 11, 'Bob': 6}
2025-09-13 14:23:27 | INFO | Sent message to topic 'buzzline_json': {'message': 'Streaming data is fun.', 'author': 'Diana', 'city': 'CLEVELAND', 'age': '33'}
2025-09-13 14:23:27 | INFO | Processed JSON message: {'message': 'Streaming data is fun.', 'author': 'Diana', 'city': 'CLEVELAND', 'age': '33'}
2025-09-13 14:23:27 | INFO | Message received from author: Diana
2025-09-13 14:23:27 | INFO | Updated author counts: {'Eve': 6, 'Alice': 10, 'Charlie': 5, 'Diana': 12, 'Bob': 6}
2025-09-13 14:23:28 | INFO | Sent message to topic 'buzzline_json': {'message': 'Have a great day!', 'author': 'Diana', 'city': 'PORTLAND', 'age': '33'}
2025-09-13 14:23:28 | INFO | Processed JSON message: {'message': 'Have a great day!', 'author': 'Diana', 'city': 'PORTLAND', 'age': '33'}
2025-09-13 14:23:28 | INFO | Message received from author: Diana
2025-09-13 14:23:28 | INFO | Updated author counts: {'Eve': 6, 'Alice': 10, 'Charlie': 5, 'Diana': 13, 'Bob': 6}
2025-09-13 14:23:29 | INFO | Sent message to topic 'buzzline_json': {'message': 'I love Python!', 'author': 'Alice', 'city': 'PORTLAND', 'age': '52'}
2025-09-13 14:23:29 | INFO | Processed JSON message: {'message': 'I love Python!', 'author': 'Alice', 'city': 'PORTLAND', 'age': '52'}
2025-09-13 14:23:29 | INFO | Message received from author: Alice
2025-09-13 14:23:29 | INFO | Updated author counts: {'Eve': 6, 'Alice': 11, 'Charlie': 5, 'Diana': 13, 'Bob': 6}
2025-09-13 14:23:30 | INFO | Sent message to topic 'buzzline_json': {'message': 'Streaming data is fun.', 'author': 'Charlie', 'city': 'BOSTON', 'age': '55'}
2025-09-13 14:23:30 | INFO | Processed JSON message: {'message': 'Streaming data is fun.', 'author': 'Charlie', 'city': 'BOSTON', 'age': '55'}
2025-09-13 14:23:30 | INFO | Message received from author: Charlie
2025-09-13 14:23:30 | INFO | Updated author counts: {'Eve': 6, 'Alice': 11, 'Charlie': 6, 'Diana': 13, 'Bob': 6}
2025-09-13 14:23:31 | INFO | Sent message to topic 'buzzline_json': {'message': 'Kafka is awesome.', 'author': 'Alice', 'city': 'BOSTON', 'age': '52'}
