2025-09-13 11:42:55 | INFO | Processed JSON message: {'message': 'Data engineering is my passion.', 'author': 'Alice', 'city': 'CLEVELAND', 'age': '46'}
2025-09-13 11:42:55 | INFO | Message received from author: Alice
2025-09-13 11:42:55 | INFO | Updated author counts: {'Alice': 1}
2025-09-13 11:42:56 | INFO | Processed JSON message: {'message': 'Distributed systems are fascinating.', 'author': 'Diana', 'city': 'BOSTON', 'age': '48'}
2025-09-13 11:42:56 | INFO | Message received from author: Diana
2025-09-13 11:42:56 | INFO | Updated author counts: {'Alice': 1, 'Diana': 1}
2025-09-13 11:42:57 | INFO | Processed JSON message: {'message': 'Buzz messages for everyone.', 'author': 'Alice', 'city': 'CHICAGO', 'age': '37'}
2025-09-13 11:42:57 | INFO | Message received from author: Alice
2025-09-13 11:42:57 | INFO | Updated author counts: {'Alice': 2, 'Diana': 1}
2025-09-13 11:42:58 | INFO | Processed JSON message: {'message': 'Hello, Kafka world!', 'author': 'Diana', 'city': 'CHICAGO', 'age': '52'}
2025-09-13 11:42:58 | INFO | Message received from author: Diana
2025-09-13 11:42:58 | INFO | Updated author counts: {'Alice': 2, 'Diana': 2}
2025-09-13 11:42:59 | INFO | Processed JSON message: {'message': 'This is a buzz message.', 'author': 'Eve', 'city': 'CLEVELAND', 'age': '33'}
2025-09-13 11:42:59 | INFO | Message received from author: Eve
2025-09-13 11:42:59 | INFO | Updated author counts: {'Alice': 2, 'Diana': 2, 'Eve': 1}
2025-09-13 11:43:00 | INFO | Processed JSON message: {'message': 'JSON makes life easier.', 'author': 'Eve', 'city': 'NEW YORK', 'age': '52'}
2025-09-13 11:43:00 | INFO | Message received from author: Eve
2025-09-13 11:43:00 | INFO | Updated author counts: {'Alice': 2, 'Diana': 2, 'Eve': 2}
2025-09-13 11:43:01 | INFO | Processed JSON message: {'message': 'JSON makes life easier.', 'author': 'Alice', 'city': 'HUSTON', 'age': '52'}
2025-09-13 11:43:01 | INFO | Message received from author: Alice
2025-09-13 11:43:01 | INFO | Updated author counts: {'Alice': 3, 'Diana': 2, 'Eve': 2}
2025-09-13 11:43:02 | INFO | Processed JSON message: {'message': 'Data engineering is my passion.', 'author': 'Diana', 'city': 'PORTLAND', 'age': '33'}
2025-09-13 11:43:02 | INFO | Message received from author: Diana
2025-09-13 11:43:02 | INFO | Updated author counts: {'Alice': 3, 'Diana': 3, 'Eve': 2}
2025-09-13 11:43:03 | INFO | Processed JSON message: {'message': 'JSON makes life easier.', 'author': 'Diana', 'city': 'BOSTON', 'age': '33'}
2025-09-13 11:43:03 | INFO | Message received from author: Diana
2025-09-13 11:43:03 | INFO | Updated author counts: {'Alice': 3, 'Diana': 4, 'Eve': 2}
2025-09-13 11:43:04 | INFO | Processed JSON message: {'message': 'Kafka is awesome.', 'author': 'Charlie', 'city': 'HUSTON', 'age': '41'}
2025-09-13 11:43:04 | INFO | Message received from author: Charlie
2025-09-13 11:43:04 | INFO | Updated author counts: {'Alice': 3, 'Diana': 4, 'Eve': 2, 'Charlie': 1}
2025-09-13 11:43:05 | INFO | Processed JSON message: {'message': 'JSON makes life easier.', 'author': 'Bob', 'city': 'CHICAGO', 'age': '41'}
2025-09-13 11:43:05 | INFO | Message received from author: Bob
2025-09-13 11:43:05 | INFO | Updated author counts: {'Alice': 3, 'Diana': 4, 'Eve': 2, 'Charlie': 1, 'Bob': 1}
2025-09-13 11:43:06 | INFO | Processed JSON message: {'message': 'I love Python!', 'author': 'Bob', 'city': 'PORTLAND', 'age': '46'}
2025-09-13 11:43:06 | INFO | Message received from author: Bob
2025-09-13 11:43:06 | INFO | Updated author counts: {'Alice': 3, 'Diana': 4, 'Eve': 2, 'Charlie': 1, 'Bob': 2}
2025-09-13 11:43:07 | INFO | Processed JSON message: {'message': 'This is a buzz message.', 'author': 'Eve', 'city': 'NEW YORK', 'age': '52'}
2025-09-13 11:43:07 | INFO | Message received from author: Eve
2025-09-13 11:43:07 | INFO | Updated author counts: {'Alice': 3, 'Diana': 4, 'Eve': 3, 'Charlie': 1, 'Bob': 2}
2025-09-13 11:43:08 | INFO | Processed JSON message: {'message': 'I love Python!', 'author': 'Eve', 'city': 'PORTLAND', 'age': '41'}
2025-09-13 11:43:08 | INFO | Message received from author: Eve
2025-09-13 11:43:08 | INFO | Updated author counts: {'Alice': 3, 'Diana': 4, 'Eve': 4, 'Charlie': 1, 'Bob': 2}
2025-09-13 11:43:09 | INFO | Processed JSON message: {'message': 'Buzz messages for everyone.', 'author': 'Alice', 'city': 'CHICAGO', 'age': '55'}
2025-09-13 11:43:09 | INFO | Message received from author: Alice
2025-09-13 11:43:09 | INFO | Updated author counts: {'Alice': 4, 'Diana': 4, 'Eve': 4, 'Charlie': 1, 'Bob': 2}
2025-09-13 11:43:10 | INFO | Processed JSON message: {'message': 'This is a buzz message.', 'author': 'Alice', 'city': 'PORTLAND', 'age': '48'}
2025-09-13 11:43:10 | INFO | Message received from author: Alice
2025-09-13 11:43:10 | INFO | Updated author counts: {'Alice': 5, 'Diana': 4, 'Eve': 4, 'Charlie': 1, 'Bob': 2}
2025-09-13 11:43:11 | INFO | Processed JSON message: {'message': 'Data engineering is my passion.', 'author': 'Diana', 'city': 'HUSTON', 'age': '33'}
2025-09-13 11:43:11 | INFO | Message received from author: Diana
2025-09-13 11:43:11 | INFO | Updated author counts: {'Alice': 5, 'Diana': 5, 'Eve': 4, 'Charlie': 1, 'Bob': 2}
2025-09-13 11:43:12 | INFO | Processed JSON message: {'message': 'I love Python!', 'author': 'Eve', 'city': 'NEW YORK', 'age': '55'}
2025-09-13 11:43:12 | INFO | Message received from author: Eve
2025-09-13 11:43:12 | INFO | Updated author counts: {'Alice': 5, 'Diana': 5, 'Eve': 5, 'Charlie': 1, 'Bob': 2}
2025-09-13 11:43:13 | INFO | Processed JSON message: {'message': 'JSON makes life easier.', 'author': 'Charlie', 'city': 'NEW YORK', 'age': '37'}
2025-09-13 11:43:13 | INFO | Message received from author: Charlie
2025-09-13 11:43:13 | INFO | Updated author counts: {'Alice': 5, 'Diana': 5, 'Eve': 5, 'Charlie': 2, 'Bob': 2}
2025-09-13 11:43:14 | INFO | Processed JSON message: {'message': 'Have a great day!', 'author': 'Bob', 'city': 'BOSTON', 'age': '52'}
2025-09-13 11:43:14 | INFO | Message received from author: Bob
2025-09-13 11:43:14 | INFO | Updated author counts: {'Alice': 5, 'Diana': 5, 'Eve': 5, 'Charlie': 2, 'Bob': 3}
2025-09-13 11:43:15 | INFO | Processed JSON message: {'message': 'Data engineering is my passion.', 'author': 'Alice', 'city': 'HUSTON', 'age': '48'}
2025-09-13 11:43:15 | INFO | Message received from author: Alice
2025-09-13 11:43:15 | INFO | Updated author counts: {'Alice': 6, 'Diana': 5, 'Eve': 5, 'Charlie': 2, 'Bob': 3}
2025-09-13 11:43:18 | INFO | Processed JSON message: {'message': 'Kafka is awesome.', 'author': 'Diana', 'city': 'HUSTON', 'age': '37'}
2025-09-13 11:43:18 | INFO | Message received from author: Diana
2025-09-13 11:43:18 | INFO | Updated author counts: {'Alice': 6, 'Diana': 6, 'Eve': 5, 'Charlie': 2, 'Bob': 3}
2025-09-13 11:43:19 | INFO | Processed JSON message: {'message': 'Kafka is awesome.', 'author': 'Diana', 'city': 'NEW YORK', 'age': '37'}
2025-09-13 11:43:19 | INFO | Message received from author: Diana
2025-09-13 11:43:19 | INFO | Updated author counts: {'Alice': 6, 'Diana': 7, 'Eve': 5, 'Charlie': 2, 'Bob': 3}
2025-09-13 11:43:20 | INFO | Processed JSON message: {'message': 'Hello, Kafka world!', 'author': 'Bob', 'city': 'CLEVELAND', 'age': '37'}
2025-09-13 11:43:20 | INFO | Message received from author: Bob
2025-09-13 11:43:20 | INFO | Updated author counts: {'Alice': 6, 'Diana': 7, 'Eve': 5, 'Charlie': 2, 'Bob': 4}
2025-09-13 11:43:21 | INFO | Processed JSON message: {'message': 'Distributed systems are fascinating.', 'author': 'Diana', 'city': 'CHICAGO', 'age': '41'}
2025-09-13 11:43:21 | INFO | Message received from author: Diana
2025-09-13 11:43:21 | INFO | Updated author counts: {'Alice': 6, 'Diana': 8, 'Eve': 5, 'Charlie': 2, 'Bob': 4}
2025-09-13 11:43:22 | INFO | Processed JSON message: {'message': 'I love Python!', 'author': 'Diana', 'city': 'BOSTON', 'age': '46'}
2025-09-13 11:43:22 | INFO | Message received from author: Diana
2025-09-13 11:43:22 | INFO | Updated author counts: {'Alice': 6, 'Diana': 9, 'Eve': 5, 'Charlie': 2, 'Bob': 4}
2025-09-13 11:43:23 | INFO | Processed JSON message: {'message': 'Have a great day!', 'author': 'Alice', 'city': 'CLEVELAND', 'age': '55'}
2025-09-13 11:43:23 | INFO | Message received from author: Alice
2025-09-13 11:43:23 | INFO | Updated author counts: {'Alice': 7, 'Diana': 9, 'Eve': 5, 'Charlie': 2, 'Bob': 4}
2025-09-13 11:43:24 | INFO | Processed JSON message: {'message': 'Hello, Kafka world!', 'author': 'Charlie', 'city': 'NEW YORK', 'age': '48'}
2025-09-13 11:43:24 | INFO | Message received from author: Charlie
2025-09-13 11:43:24 | INFO | Updated author counts: {'Alice': 7, 'Diana': 9, 'Eve': 5, 'Charlie': 3, 'Bob': 4}
2025-09-13 11:43:25 | INFO | Processed JSON message: {'message': 'JSON makes life easier.', 'author': 'Diana', 'city': 'BOSTON', 'age': '37'}
2025-09-13 11:43:25 | INFO | Message received from author: Diana
2025-09-13 11:43:25 | INFO | Updated author counts: {'Alice': 7, 'Diana': 10, 'Eve': 5, 'Charlie': 3, 'Bob': 4}
2025-09-13 11:43:26 | INFO | Processed JSON message: {'message': 'I love Python!', 'author': 'Bob', 'city': 'BOSTON', 'age': '55'}
2025-09-13 11:43:26 | INFO | Message received from author: Bob
2025-09-13 11:43:26 | INFO | Updated author counts: {'Alice': 7, 'Diana': 10, 'Eve': 5, 'Charlie': 3, 'Bob': 5}
2025-09-13 11:43:27 | INFO | Processed JSON message: {'message': 'Have a great day!', 'author': 'Diana', 'city': 'DETROIT', 'age': '46'}
2025-09-13 11:43:27 | INFO | Message received from author: Diana
2025-09-13 11:43:27 | INFO | Updated author counts: {'Alice': 7, 'Diana': 11, 'Eve': 5, 'Charlie': 3, 'Bob': 5}
2025-09-13 11:43:27 | ERROR | Error processing message: name 'match_count' is not defined
2025-09-13 11:43:28 | INFO | Processed JSON message: {'message': 'Hello, Kafka world!', 'author': 'Alice', 'city': 'CLEVELAND', 'age': '33'}
2025-09-13 11:43:28 | INFO | Message received from author: Alice
2025-09-13 11:43:28 | INFO | Updated author counts: {'Alice': 8, 'Diana': 11, 'Eve': 5, 'Charlie': 3, 'Bob': 5}
2025-09-13 11:43:29 | INFO | Processed JSON message: {'message': 'JSON makes life easier.', 'author': 'Alice', 'city': 'CHICAGO', 'age': '55'}
2025-09-13 11:43:29 | INFO | Message received from author: Alice
2025-09-13 11:43:29 | INFO | Updated author counts: {'Alice': 9, 'Diana': 11, 'Eve': 5, 'Charlie': 3, 'Bob': 5}
2025-09-13 11:43:30 | INFO | Processed JSON message: {'message': 'Buzz messages for everyone.', 'author': 'Charlie', 'city': 'PORTLAND', 'age': '52'}
2025-09-13 11:43:30 | INFO | Message received from author: Charlie
2025-09-13 11:43:30 | INFO | Updated author counts: {'Alice': 9, 'Diana': 11, 'Eve': 5, 'Charlie': 4, 'Bob': 5}
2025-09-13 11:43:31 | INFO | Processed JSON message: {'message': 'Buzz messages for everyone.', 'author': 'Bob', 'city': 'DETROIT', 'age': '46'}
2025-09-13 11:43:31 | INFO | Message received from author: Bob
2025-09-13 11:43:31 | INFO | Updated author counts: {'Alice': 9, 'Diana': 11, 'Eve': 5, 'Charlie': 4, 'Bob': 6}
2025-09-13 11:43:31 | ERROR | Error processing message: name 'match_count' is not defined
2025-09-13 11:43:32 | INFO | Processed JSON message: {'message': 'Streaming data is fun.', 'author': 'Diana', 'city': 'CHICAGO', 'age': '48'}
2025-09-13 11:43:32 | INFO | Message received from author: Diana
2025-09-13 11:43:32 | INFO | Updated author counts: {'Alice': 9, 'Diana': 12, 'Eve': 5, 'Charlie': 4, 'Bob': 6}
2025-09-13 11:43:33 | INFO | Processed JSON message: {'message': 'Have a great day!', 'author': 'Diana', 'city': 'BOSTON', 'age': '52'}
2025-09-13 11:43:33 | INFO | Message received from author: Diana
2025-09-13 11:43:33 | INFO | Updated author counts: {'Alice': 9, 'Diana': 13, 'Eve': 5, 'Charlie': 4, 'Bob': 6}
2025-09-13 11:43:34 | INFO | Processed JSON message: {'message': 'I love Python!', 'author': 'Alice', 'city': 'BOSTON', 'age': '37'}
2025-09-13 11:43:34 | INFO | Message received from author: Alice
2025-09-13 11:43:34 | INFO | Updated author counts: {'Alice': 10, 'Diana': 13, 'Eve': 5, 'Charlie': 4, 'Bob': 6}
2025-09-13 11:43:35 | INFO | Processed JSON message: {'message': 'Streaming data is fun.', 'author': 'Charlie', 'city': 'CHICAGO', 'age': '55'}
2025-09-13 11:43:35 | INFO | Message received from author: Charlie
2025-09-13 11:43:35 | INFO | Updated author counts: {'Alice': 10, 'Diana': 13, 'Eve': 5, 'Charlie': 5, 'Bob': 6}
2025-09-13 11:43:36 | INFO | Processed JSON message: {'message': 'Kafka is awesome.', 'author': 'Alice', 'city': 'CLEVELAND', 'age': '33'}
2025-09-13 11:43:36 | INFO | Message received from author: Alice
2025-09-13 11:43:36 | INFO | Updated author counts: {'Alice': 11, 'Diana': 13, 'Eve': 5, 'Charlie': 5, 'Bob': 6}
2025-09-13 11:43:37 | INFO | Processed JSON message: {'message': 'Kafka is awesome.', 'author': 'Diana', 'city': 'BOSTON', 'age': '52'}
2025-09-13 11:43:37 | INFO | Message received from author: Diana
2025-09-13 11:43:37 | INFO | Updated author counts: {'Alice': 11, 'Diana': 14, 'Eve': 5, 'Charlie': 5, 'Bob': 6}
2025-09-13 11:43:38 | INFO | Processed JSON message: {'message': 'Kafka is awesome.', 'author': 'Alice', 'city': 'NEW YORK', 'age': '48'}
2025-09-13 11:43:38 | INFO | Message received from author: Alice
2025-09-13 11:43:38 | INFO | Updated author counts: {'Alice': 12, 'Diana': 14, 'Eve': 5, 'Charlie': 5, 'Bob': 6}
2025-09-13 11:43:39 | INFO | Processed JSON message: {'message': 'JSON makes life easier.', 'author': 'Bob', 'city': 'CLEVELAND', 'age': '48'}
2025-09-13 11:43:39 | INFO | Message received from author: Bob
2025-09-13 11:43:39 | INFO | Updated author counts: {'Alice': 12, 'Diana': 14, 'Eve': 5, 'Charlie': 5, 'Bob': 7}
2025-09-13 11:43:40 | INFO | Processed JSON message: {'message': 'This is a buzz message.', 'author': 'Bob', 'city': 'NEW YORK', 'age': '46'}
2025-09-13 11:43:40 | INFO | Message received from author: Bob
2025-09-13 11:43:40 | INFO | Updated author counts: {'Alice': 12, 'Diana': 14, 'Eve': 5, 'Charlie': 5, 'Bob': 8}
2025-09-13 11:43:41 | INFO | Processed JSON message: {'message': 'Streaming data is fun.', 'author': 'Diana', 'city': 'CLEVELAND', 'age': '48'}
2025-09-13 11:43:41 | INFO | Message received from author: Diana
2025-09-13 11:43:41 | INFO | Updated author counts: {'Alice': 12, 'Diana': 15, 'Eve': 5, 'Charlie': 5, 'Bob': 8}
2025-09-13 11:43:42 | INFO | Processed JSON message: {'message': 'Have a great day!', 'author': 'Bob', 'city': 'HUSTON', 'age': '41'}
2025-09-13 11:43:42 | INFO | Message received from author: Bob
2025-09-13 11:43:42 | INFO | Updated author counts: {'Alice': 12, 'Diana': 15, 'Eve': 5, 'Charlie': 5, 'Bob': 9}
2025-09-13 11:43:42 | WARNING | Consumer interrupted by user.
2025-09-13 11:43:42 | INFO | Kafka consumer for topic 'buzzline_json' closed.
2025-09-13 11:43:42 | INFO | END consumer for topic 'buzzline_json' and group 'buzz_group'.
2025-09-13 11:47:07 | INFO | Logging to file: logs/project_log.log
2025-09-13 11:47:07 | INFO | Log sanitization enabled, personal info removed
2025-09-13 11:47:07 | INFO | Logging to file: logs/project_log.log
2025-09-13 11:47:07 | INFO | Log sanitization enabled, personal info removed
2025-09-13 11:47:07 | INFO | Project root: PROJECT_ROOT
2025-09-13 11:47:07 | INFO | Data folder: PROJECT_ROOT/data
2025-09-13 11:47:07 | INFO | Data file: PROJECT_ROOT/data/buzz.json
2025-09-13 11:47:07 | INFO | START producer.
2025-09-13 11:47:07 | INFO | Kafka broker address: localhost:9092
2025-09-13 11:47:07 | INFO | START consumer.
2025-09-13 11:47:07 | INFO | Kafka topic: buzzline_json
2025-09-13 11:47:07 | INFO | Kafka consumer group id: buzz_group
2025-09-13 11:47:07 | INFO | Consumer: Topic 'buzzline_json' and group 'buzz_group'...
2025-09-13 11:47:07 | INFO | Kafka broker address: localhost:9092
2025-09-13 11:47:07 | INFO | Creating Kafka consumer. Topic='buzzline_json' and group ID='buzz_group'.
2025-09-13 11:47:08 | INFO | Kafka consumer created successfully.
2025-09-13 11:47:08 | INFO | Polling messages from topic 'buzzline_json'...
2025-09-13 11:47:08 | INFO | Kafka is ready. Brokers: {'throttle_time_ms': 0, 'brokers': [{'node_id': 1, 'host': 'localhost', 'port': 9092, 'rack': None}], 'cluster_id': 'Qrh-d0XGRZG10zs9dkkQFQ', 'controller_id': 1}
2025-09-13 11:47:08 | INFO | Kafka topic: buzzline_json
2025-09-13 11:47:08 | INFO | Message interval: 1 seconds
2025-09-13 11:47:08 | INFO | Kafka broker address: localhost:9092
2025-09-13 11:47:08 | INFO | Connecting to Kafka broker at localhost:9092...
2025-09-13 11:47:08 | INFO | Kafka producer successfully created.
2025-09-13 11:47:08 | INFO | Kafka broker address: localhost:9092
2025-09-13 11:47:08 | INFO | Topic 'buzzline_json' already exists. Recreating fresh...
2025-09-13 11:47:09 | INFO | Requested deletion of topic 'buzzline_json'.
2025-09-13 11:47:09 | INFO | Topic 'buzzline_json' created successfully.
2025-09-13 11:47:09 | INFO | Kafka topic 'buzzline_json' is ready.
2025-09-13 11:47:09 | INFO | Starting message production to topic 'buzzline_json'...
2025-09-13 11:47:09 | INFO | Opening data file in read mode: PROJECT_ROOT/data/buzz.json
2025-09-13 11:47:09 | INFO | Reading data from file: PROJECT_ROOT/data/buzz.json
2025-09-13 11:47:09 | INFO | Sent message to topic 'buzzline_json': {'message': 'Data engineering is my passion.', 'author': 'Eve', 'city': 'NEW YORK', 'age': '55'}
2025-09-13 11:47:10 | INFO | Sent message to topic 'buzzline_json': {'message': 'Distributed systems are fascinating.', 'author': 'Alice', 'city': 'BOSTON', 'age': '48'}
2025-09-13 11:47:11 | INFO | Sent message to topic 'buzzline_json': {'message': 'Have a great day!', 'author': 'Charlie', 'city': 'PORTLAND', 'age': '52'}
2025-09-13 11:47:12 | INFO | Sent message to topic 'buzzline_json': {'message': 'Data engineering is my passion.', 'author': 'Alice', 'city': 'NEW YORK', 'age': '55'}
2025-09-13 11:47:13 | INFO | Processed JSON message: {'message': 'Data engineering is my passion.', 'author': 'Alice', 'city': 'NEW YORK', 'age': '55'}
2025-09-13 11:47:13 | INFO | Message received from author: Alice
2025-09-13 11:47:13 | INFO | Updated author counts: {'Alice': 1}
2025-09-13 11:47:13 | INFO | Sent message to topic 'buzzline_json': {'message': 'Distributed systems are fascinating.', 'author': 'Diana', 'city': 'DETROIT', 'age': '41'}
2025-09-13 11:47:13 | INFO | Processed JSON message: {'message': 'Distributed systems are fascinating.', 'author': 'Diana', 'city': 'DETROIT', 'age': '41'}
2025-09-13 11:47:13 | INFO | Message received from author: Diana
2025-09-13 11:47:13 | INFO | Updated author counts: {'Alice': 1, 'Diana': 1}
2025-09-13 11:47:13 | ERROR | Error processing message: name 'match_count' is not defined
2025-09-13 11:47:16 | INFO | Sent message to topic 'buzzline_json': {'message': 'Buzz messages for everyone.', 'author': 'Alice', 'city': 'BOSTON', 'age': '41'}
2025-09-13 11:47:16 | INFO | Processed JSON message: {'message': 'Buzz messages for everyone.', 'author': 'Alice', 'city': 'BOSTON', 'age': '41'}
2025-09-13 11:47:16 | INFO | Message received from author: Alice
2025-09-13 11:47:16 | INFO | Updated author counts: {'Alice': 2, 'Diana': 1}
2025-09-13 11:47:17 | INFO | Sent message to topic 'buzzline_json': {'message': 'Hello, Kafka world!', 'author': 'Diana', 'city': 'HUSTON', 'age': '41'}
2025-09-13 11:47:17 | INFO | Processed JSON message: {'message': 'Hello, Kafka world!', 'author': 'Diana', 'city': 'HUSTON', 'age': '41'}
2025-09-13 11:47:17 | INFO | Message received from author: Diana
2025-09-13 11:47:17 | INFO | Updated author counts: {'Alice': 2, 'Diana': 2}
2025-09-13 11:47:18 | INFO | Sent message to topic 'buzzline_json': {'message': 'This is a buzz message.', 'author': 'Eve', 'city': 'PORTLAND', 'age': '33'}
2025-09-13 11:47:18 | INFO | Processed JSON message: {'message': 'This is a buzz message.', 'author': 'Eve', 'city': 'PORTLAND', 'age': '33'}
2025-09-13 11:47:18 | INFO | Message received from author: Eve
2025-09-13 11:47:18 | INFO | Updated author counts: {'Alice': 2, 'Diana': 2, 'Eve': 1}
2025-09-13 11:47:19 | INFO | Sent message to topic 'buzzline_json': {'message': 'JSON makes life easier.', 'author': 'Eve', 'city': 'DETROIT', 'age': '33'}
2025-09-13 11:47:19 | INFO | Processed JSON message: {'message': 'JSON makes life easier.', 'author': 'Eve', 'city': 'DETROIT', 'age': '33'}
2025-09-13 11:47:19 | INFO | Message received from author: Eve
2025-09-13 11:47:19 | INFO | Updated author counts: {'Alice': 2, 'Diana': 2, 'Eve': 2}
2025-09-13 11:47:20 | INFO | Sent message to topic 'buzzline_json': {'message': 'JSON makes life easier.', 'author': 'Alice', 'city': 'CHICAGO', 'age': '48'}
2025-09-13 11:47:20 | INFO | Processed JSON message: {'message': 'JSON makes life easier.', 'author': 'Alice', 'city': 'CHICAGO', 'age': '48'}
2025-09-13 11:47:20 | INFO | Message received from author: Alice
2025-09-13 11:47:20 | INFO | Updated author counts: {'Alice': 3, 'Diana': 2, 'Eve': 2}
2025-09-13 11:47:21 | INFO | Sent message to topic 'buzzline_json': {'message': 'Data engineering is my passion.', 'author': 'Diana', 'city': 'BOSTON', 'age': '37'}
2025-09-13 11:47:21 | INFO | Processed JSON message: {'message': 'Data engineering is my passion.', 'author': 'Diana', 'city': 'BOSTON', 'age': '37'}
2025-09-13 11:47:21 | INFO | Message received from author: Diana
2025-09-13 11:47:21 | INFO | Updated author counts: {'Alice': 3, 'Diana': 3, 'Eve': 2}
2025-09-13 11:47:22 | INFO | Sent message to topic 'buzzline_json': {'message': 'JSON makes life easier.', 'author': 'Diana', 'city': 'DETROIT', 'age': '46'}
2025-09-13 11:47:22 | INFO | Processed JSON message: {'message': 'JSON makes life easier.', 'author': 'Diana', 'city': 'DETROIT', 'age': '46'}
2025-09-13 11:47:22 | INFO | Message received from author: Diana
2025-09-13 11:47:22 | INFO | Updated author counts: {'Alice': 3, 'Diana': 4, 'Eve': 2}
2025-09-13 11:47:22 | ERROR | Error processing message: name 'match_count' is not defined
2025-09-13 11:47:23 | INFO | Sent message to topic 'buzzline_json': {'message': 'Kafka is awesome.', 'author': 'Charlie', 'city': 'CLEVELAND', 'age': '37'}
2025-09-13 11:47:23 | INFO | Processed JSON message: {'message': 'Kafka is awesome.', 'author': 'Charlie', 'city': 'CLEVELAND', 'age': '37'}
2025-09-13 11:47:23 | INFO | Message received from author: Charlie
2025-09-13 11:47:23 | INFO | Updated author counts: {'Alice': 3, 'Diana': 4, 'Eve': 2, 'Charlie': 1}
2025-09-13 11:47:24 | INFO | Sent message to topic 'buzzline_json': {'message': 'JSON makes life easier.', 'author': 'Bob', 'city': 'PORTLAND', 'age': '46'}
2025-09-13 11:47:24 | INFO | Processed JSON message: {'message': 'JSON makes life easier.', 'author': 'Bob', 'city': 'PORTLAND', 'age': '46'}
2025-09-13 11:47:24 | INFO | Message received from author: Bob
2025-09-13 11:47:24 | INFO | Updated author counts: {'Alice': 3, 'Diana': 4, 'Eve': 2, 'Charlie': 1, 'Bob': 1}
2025-09-13 11:47:25 | INFO | Sent message to topic 'buzzline_json': {'message': 'I love Python!', 'author': 'Bob', 'city': 'NEW YORK', 'age': '48'}
2025-09-13 11:47:25 | INFO | Processed JSON message: {'message': 'I love Python!', 'author': 'Bob', 'city': 'NEW YORK', 'age': '48'}
2025-09-13 11:47:25 | INFO | Message received from author: Bob
2025-09-13 11:47:25 | INFO | Updated author counts: {'Alice': 3, 'Diana': 4, 'Eve': 2, 'Charlie': 1, 'Bob': 2}
2025-09-13 11:47:26 | INFO | Sent message to topic 'buzzline_json': {'message': 'This is a buzz message.', 'author': 'Eve', 'city': 'PORTLAND', 'age': '55'}
2025-09-13 11:47:26 | INFO | Processed JSON message: {'message': 'This is a buzz message.', 'author': 'Eve', 'city': 'PORTLAND', 'age': '55'}
2025-09-13 11:47:26 | INFO | Message received from author: Eve
2025-09-13 11:47:26 | INFO | Updated author counts: {'Alice': 3, 'Diana': 4, 'Eve': 3, 'Charlie': 1, 'Bob': 2}
2025-09-13 11:47:27 | INFO | Sent message to topic 'buzzline_json': {'message': 'I love Python!', 'author': 'Eve', 'city': 'PORTLAND', 'age': '41'}
2025-09-13 11:47:27 | INFO | Processed JSON message: {'message': 'I love Python!', 'author': 'Eve', 'city': 'PORTLAND', 'age': '41'}
2025-09-13 11:47:27 | INFO | Message received from author: Eve
2025-09-13 11:47:27 | INFO | Updated author counts: {'Alice': 3, 'Diana': 4, 'Eve': 4, 'Charlie': 1, 'Bob': 2}
2025-09-13 11:47:28 | INFO | Sent message to topic 'buzzline_json': {'message': 'Buzz messages for everyone.', 'author': 'Alice', 'city': 'BOSTON', 'age': '52'}
2025-09-13 11:47:28 | INFO | Processed JSON message: {'message': 'Buzz messages for everyone.', 'author': 'Alice', 'city': 'BOSTON', 'age': '52'}
2025-09-13 11:47:28 | INFO | Message received from author: Alice
2025-09-13 11:47:28 | INFO | Updated author counts: {'Alice': 4, 'Diana': 4, 'Eve': 4, 'Charlie': 1, 'Bob': 2}
2025-09-13 11:47:29 | INFO | Sent message to topic 'buzzline_json': {'message': 'This is a buzz message.', 'author': 'Alice', 'city': 'NEW YORK', 'age': '52'}
2025-09-13 11:47:29 | INFO | Processed JSON message: {'message': 'This is a buzz message.', 'author': 'Alice', 'city': 'NEW YORK', 'age': '52'}
2025-09-13 11:47:29 | INFO | Message received from author: Alice
2025-09-13 11:47:29 | INFO | Updated author counts: {'Alice': 5, 'Diana': 4, 'Eve': 4, 'Charlie': 1, 'Bob': 2}
2025-09-13 11:47:30 | INFO | Sent message to topic 'buzzline_json': {'message': 'Data engineering is my passion.', 'author': 'Diana', 'city': 'CLEVELAND', 'age': '48'}
2025-09-13 11:47:30 | INFO | Processed JSON message: {'message': 'Data engineering is my passion.', 'author': 'Diana', 'city': 'CLEVELAND', 'age': '48'}
2025-09-13 11:47:30 | INFO | Message received from author: Diana
2025-09-13 11:47:30 | INFO | Updated author counts: {'Alice': 5, 'Diana': 5, 'Eve': 4, 'Charlie': 1, 'Bob': 2}
2025-09-13 11:47:31 | WARNING | Consumer interrupted by user.
2025-09-13 11:47:31 | INFO | Kafka consumer for topic 'buzzline_json' closed.
2025-09-13 11:47:31 | INFO | END consumer for topic 'buzzline_json' and group 'buzz_group'.
2025-09-13 11:47:31 | INFO | Sent message to topic 'buzzline_json': {'message': 'I love Python!', 'author': 'Eve', 'city': 'BOSTON', 'age': '55'}
2025-09-13 11:47:32 | WARNING | Producer interrupted by user.
2025-09-13 11:47:32 | INFO | Kafka producer closed.
2025-09-13 11:47:32 | INFO | END producer.
2025-09-13 11:47:54 | INFO | Logging to file: logs/project_log.log
2025-09-13 11:47:54 | INFO | Log sanitization enabled, personal info removed
2025-09-13 11:47:54 | INFO | Project root: PROJECT_ROOT
2025-09-13 11:47:54 | INFO | Data folder: PROJECT_ROOT/data
2025-09-13 11:47:54 | INFO | Data file: PROJECT_ROOT/data/buzz.json
2025-09-13 11:47:54 | INFO | START producer.
2025-09-13 11:47:54 | INFO | Kafka broker address: localhost:9092
2025-09-13 11:47:54 | INFO | Kafka is ready. Brokers: {'throttle_time_ms': 0, 'brokers': [{'node_id': 1, 'host': 'localhost', 'port': 9092, 'rack': None}], 'cluster_id': 'Qrh-d0XGRZG10zs9dkkQFQ', 'controller_id': 1}
2025-09-13 11:47:54 | INFO | Kafka topic: buzzline_json
2025-09-13 11:47:54 | INFO | Message interval: 1 seconds
2025-09-13 11:47:54 | INFO | Kafka broker address: localhost:9092
2025-09-13 11:47:54 | INFO | Connecting to Kafka broker at localhost:9092...
2025-09-13 11:47:54 | INFO | Kafka producer successfully created.
2025-09-13 11:47:54 | INFO | Kafka broker address: localhost:9092
2025-09-13 11:47:55 | INFO | Topic 'buzzline_json' already exists. Recreating fresh...
2025-09-13 11:47:55 | INFO | Requested deletion of topic 'buzzline_json'.
2025-09-13 11:47:55 | INFO | Topic 'buzzline_json' created successfully.
2025-09-13 11:47:55 | INFO | Kafka topic 'buzzline_json' is ready.
2025-09-13 11:47:55 | INFO | Starting message production to topic 'buzzline_json'...
2025-09-13 11:47:55 | INFO | Opening data file in read mode: PROJECT_ROOT/data/buzz.json
2025-09-13 11:47:55 | INFO | Reading data from file: PROJECT_ROOT/data/buzz.json
2025-09-13 11:47:55 | INFO | Sent message to topic 'buzzline_json': {'message': 'Data engineering is my passion.', 'author': 'Eve', 'city': 'CLEVELAND', 'age': '33'}
2025-09-13 11:47:56 | INFO | Sent message to topic 'buzzline_json': {'message': 'Distributed systems are fascinating.', 'author': 'Alice', 'city': 'PORTLAND', 'age': '48'}
2025-09-13 11:47:57 | INFO | Sent message to topic 'buzzline_json': {'message': 'Have a great day!', 'author': 'Charlie', 'city': 'DETROIT', 'age': '33'}
2025-09-13 11:47:58 | INFO | Sent message to topic 'buzzline_json': {'message': 'Data engineering is my passion.', 'author': 'Alice', 'city': 'PORTLAND', 'age': '41'}
2025-09-13 11:47:59 | INFO | Sent message to topic 'buzzline_json': {'message': 'Distributed systems are fascinating.', 'author': 'Diana', 'city': 'BOSTON', 'age': '52'}
2025-09-13 11:48:00 | INFO | Sent message to topic 'buzzline_json': {'message': 'Buzz messages for everyone.', 'author': 'Alice', 'city': 'BOSTON', 'age': '41'}
2025-09-13 11:48:01 | INFO | Sent message to topic 'buzzline_json': {'message': 'Hello, Kafka world!', 'author': 'Diana', 'city': 'DETROIT', 'age': '41'}
2025-09-13 11:48:01 | INFO | Logging to file: logs/project_log.log
2025-09-13 11:48:01 | INFO | Log sanitization enabled, personal info removed
2025-09-13 11:48:01 | INFO | START consumer.
2025-09-13 11:48:01 | INFO | Kafka topic: buzzline_json
2025-09-13 11:48:01 | INFO | Kafka consumer group id: buzz_group
2025-09-13 11:48:01 | INFO | Consumer: Topic 'buzzline_json' and group 'buzz_group'...
2025-09-13 11:48:01 | INFO | Kafka broker address: localhost:9092
2025-09-13 11:48:01 | INFO | Creating Kafka consumer. Topic='buzzline_json' and group ID='buzz_group'.
2025-09-13 11:48:02 | INFO | Kafka consumer created successfully.
2025-09-13 11:48:02 | INFO | Polling messages from topic 'buzzline_json'...
2025-09-13 11:48:02 | INFO | Sent message to topic 'buzzline_json': {'message': 'This is a buzz message.', 'author': 'Eve', 'city': 'PORTLAND', 'age': '37'}
2025-09-13 11:48:03 | INFO | Sent message to topic 'buzzline_json': {'message': 'JSON makes life easier.', 'author': 'Eve', 'city': 'DETROIT', 'age': '46'}
2025-09-13 11:48:04 | INFO | Sent message to topic 'buzzline_json': {'message': 'JSON makes life easier.', 'author': 'Alice', 'city': 'NEW YORK', 'age': '33'}
2025-09-13 11:48:05 | INFO | Processed JSON message: {'message': 'Distributed systems are fascinating.', 'author': 'Diana', 'city': 'BOSTON', 'age': '52'}
2025-09-13 11:48:05 | INFO | Message received from author: Diana
2025-09-13 11:48:05 | INFO | Updated author counts: {'Diana': 1}
2025-09-13 11:48:05 | INFO | Processed JSON message: {'message': 'Buzz messages for everyone.', 'author': 'Alice', 'city': 'BOSTON', 'age': '41'}
2025-09-13 11:48:05 | INFO | Message received from author: Alice
2025-09-13 11:48:05 | INFO | Updated author counts: {'Diana': 1, 'Alice': 1}
2025-09-13 11:48:05 | INFO | Processed JSON message: {'message': 'Hello, Kafka world!', 'author': 'Diana', 'city': 'DETROIT', 'age': '41'}
2025-09-13 11:48:05 | INFO | Message received from author: Diana
2025-09-13 11:48:05 | INFO | Updated author counts: {'Diana': 2, 'Alice': 1}
2025-09-13 11:48:05 | WARNING | 🚨 ALERT: Match found — City: DETROIT, Age: 41.0 (Total Matches: 1)
2025-09-13 11:48:05 | INFO | Processed JSON message: {'message': 'This is a buzz message.', 'author': 'Eve', 'city': 'PORTLAND', 'age': '37'}
2025-09-13 11:48:05 | INFO | Message received from author: Eve
2025-09-13 11:48:05 | INFO | Updated author counts: {'Diana': 2, 'Alice': 1, 'Eve': 1}
2025-09-13 11:48:05 | INFO | Processed JSON message: {'message': 'JSON makes life easier.', 'author': 'Eve', 'city': 'DETROIT', 'age': '46'}
2025-09-13 11:48:05 | INFO | Message received from author: Eve
2025-09-13 11:48:05 | INFO | Updated author counts: {'Diana': 2, 'Alice': 1, 'Eve': 2}
2025-09-13 11:48:05 | WARNING | 🚨 ALERT: Match found — City: DETROIT, Age: 46.0 (Total Matches: 2)
2025-09-13 11:48:05 | INFO | Processed JSON message: {'message': 'JSON makes life easier.', 'author': 'Alice', 'city': 'NEW YORK', 'age': '33'}
2025-09-13 11:48:05 | INFO | Message received from author: Alice
2025-09-13 11:48:05 | INFO | Updated author counts: {'Diana': 2, 'Alice': 2, 'Eve': 2}
2025-09-13 11:48:05 | INFO | Sent message to topic 'buzzline_json': {'message': 'Data engineering is my passion.', 'author': 'Diana', 'city': 'DETROIT', 'age': '52'}
2025-09-13 11:48:05 | INFO | Processed JSON message: {'message': 'Data engineering is my passion.', 'author': 'Diana', 'city': 'DETROIT', 'age': '52'}
2025-09-13 11:48:05 | INFO | Message received from author: Diana
2025-09-13 11:48:05 | INFO | Updated author counts: {'Diana': 3, 'Alice': 2, 'Eve': 2}
2025-09-13 11:48:06 | INFO | Sent message to topic 'buzzline_json': {'message': 'JSON makes life easier.', 'author': 'Diana', 'city': 'CLEVELAND', 'age': '33'}
2025-09-13 11:48:06 | INFO | Processed JSON message: {'message': 'JSON makes life easier.', 'author': 'Diana', 'city': 'CLEVELAND', 'age': '33'}
2025-09-13 11:48:06 | INFO | Message received from author: Diana
2025-09-13 11:48:06 | INFO | Updated author counts: {'Diana': 4, 'Alice': 2, 'Eve': 2}
2025-09-13 11:48:07 | INFO | Sent message to topic 'buzzline_json': {'message': 'Kafka is awesome.', 'author': 'Charlie', 'city': 'NEW YORK', 'age': '48'}
2025-09-13 11:48:07 | INFO | Processed JSON message: {'message': 'Kafka is awesome.', 'author': 'Charlie', 'city': 'NEW YORK', 'age': '48'}
2025-09-13 11:48:07 | INFO | Message received from author: Charlie
2025-09-13 11:48:07 | INFO | Updated author counts: {'Diana': 4, 'Alice': 2, 'Eve': 2, 'Charlie': 1}
2025-09-13 11:48:08 | INFO | Sent message to topic 'buzzline_json': {'message': 'JSON makes life easier.', 'author': 'Bob', 'city': 'CLEVELAND', 'age': '52'}
2025-09-13 11:48:08 | INFO | Processed JSON message: {'message': 'JSON makes life easier.', 'author': 'Bob', 'city': 'CLEVELAND', 'age': '52'}
2025-09-13 11:48:08 | INFO | Message received from author: Bob
2025-09-13 11:48:08 | INFO | Updated author counts: {'Diana': 4, 'Alice': 2, 'Eve': 2, 'Charlie': 1, 'Bob': 1}
2025-09-13 11:48:09 | INFO | Sent message to topic 'buzzline_json': {'message': 'I love Python!', 'author': 'Bob', 'city': 'DETROIT', 'age': '33'}
2025-09-13 11:48:10 | INFO | Processed JSON message: {'message': 'I love Python!', 'author': 'Bob', 'city': 'DETROIT', 'age': '33'}
2025-09-13 11:48:10 | INFO | Message received from author: Bob
2025-09-13 11:48:10 | INFO | Updated author counts: {'Diana': 4, 'Alice': 2, 'Eve': 2, 'Charlie': 1, 'Bob': 2}
2025-09-13 11:48:10 | INFO | Sent message to topic 'buzzline_json': {'message': 'This is a buzz message.', 'author': 'Eve', 'city': 'DETROIT', 'age': '37'}
2025-09-13 11:48:10 | INFO | Processed JSON message: {'message': 'This is a buzz message.', 'author': 'Eve', 'city': 'DETROIT', 'age': '37'}
2025-09-13 11:48:10 | INFO | Message received from author: Eve
2025-09-13 11:48:10 | INFO | Updated author counts: {'Diana': 4, 'Alice': 2, 'Eve': 3, 'Charlie': 1, 'Bob': 2}
2025-09-13 11:48:11 | INFO | Sent message to topic 'buzzline_json': {'message': 'I love Python!', 'author': 'Eve', 'city': 'DETROIT', 'age': '52'}
2025-09-13 11:48:11 | INFO | Processed JSON message: {'message': 'I love Python!', 'author': 'Eve', 'city': 'DETROIT', 'age': '52'}
2025-09-13 11:48:11 | INFO | Message received from author: Eve
2025-09-13 11:48:11 | INFO | Updated author counts: {'Diana': 4, 'Alice': 2, 'Eve': 4, 'Charlie': 1, 'Bob': 2}
2025-09-13 11:48:12 | INFO | Sent message to topic 'buzzline_json': {'message': 'Buzz messages for everyone.', 'author': 'Alice', 'city': 'PORTLAND', 'age': '48'}
2025-09-13 11:48:12 | INFO | Processed JSON message: {'message': 'Buzz messages for everyone.', 'author': 'Alice', 'city': 'PORTLAND', 'age': '48'}
2025-09-13 11:48:12 | INFO | Message received from author: Alice
2025-09-13 11:48:12 | INFO | Updated author counts: {'Diana': 4, 'Alice': 3, 'Eve': 4, 'Charlie': 1, 'Bob': 2}
2025-09-13 11:48:13 | INFO | Sent message to topic 'buzzline_json': {'message': 'This is a buzz message.', 'author': 'Alice', 'city': 'PORTLAND', 'age': '55'}
2025-09-13 11:48:13 | INFO | Processed JSON message: {'message': 'This is a buzz message.', 'author': 'Alice', 'city': 'PORTLAND', 'age': '55'}
2025-09-13 11:48:13 | INFO | Message received from author: Alice
2025-09-13 11:48:13 | INFO | Updated author counts: {'Diana': 4, 'Alice': 4, 'Eve': 4, 'Charlie': 1, 'Bob': 2}
2025-09-13 11:48:14 | INFO | Sent message to topic 'buzzline_json': {'message': 'Data engineering is my passion.', 'author': 'Diana', 'city': 'CLEVELAND', 'age': '41'}
2025-09-13 11:48:14 | INFO | Processed JSON message: {'message': 'Data engineering is my passion.', 'author': 'Diana', 'city': 'CLEVELAND', 'age': '41'}
2025-09-13 11:48:14 | INFO | Message received from author: Diana
2025-09-13 11:48:14 | INFO | Updated author counts: {'Diana': 5, 'Alice': 4, 'Eve': 4, 'Charlie': 1, 'Bob': 2}
2025-09-13 11:48:15 | INFO | Sent message to topic 'buzzline_json': {'message': 'I love Python!', 'author': 'Eve', 'city': 'BOSTON', 'age': '55'}
2025-09-13 11:48:15 | INFO | Processed JSON message: {'message': 'I love Python!', 'author': 'Eve', 'city': 'BOSTON', 'age': '55'}
2025-09-13 11:48:15 | INFO | Message received from author: Eve
2025-09-13 11:48:15 | INFO | Updated author counts: {'Diana': 5, 'Alice': 4, 'Eve': 5, 'Charlie': 1, 'Bob': 2}
2025-09-13 11:48:16 | INFO | Sent message to topic 'buzzline_json': {'message': 'JSON makes life easier.', 'author': 'Charlie', 'city': 'HUSTON', 'age': '41'}
2025-09-13 11:48:16 | INFO | Processed JSON message: {'message': 'JSON makes life easier.', 'author': 'Charlie', 'city': 'HUSTON', 'age': '41'}
2025-09-13 11:48:16 | INFO | Message received from author: Charlie
2025-09-13 11:48:16 | INFO | Updated author counts: {'Diana': 5, 'Alice': 4, 'Eve': 5, 'Charlie': 2, 'Bob': 2}
2025-09-13 11:48:17 | INFO | Sent message to topic 'buzzline_json': {'message': 'Have a great day!', 'author': 'Bob', 'city': 'CHICAGO', 'age': '37'}
2025-09-13 11:48:17 | INFO | Processed JSON message: {'message': 'Have a great day!', 'author': 'Bob', 'city': 'CHICAGO', 'age': '37'}
2025-09-13 11:48:17 | INFO | Message received from author: Bob
2025-09-13 11:48:17 | INFO | Updated author counts: {'Diana': 5, 'Alice': 4, 'Eve': 5, 'Charlie': 2, 'Bob': 3}
2025-09-13 11:48:18 | INFO | Sent message to topic 'buzzline_json': {'message': 'Data engineering is my passion.', 'author': 'Alice', 'city': 'CLEVELAND', 'age': '37'}
2025-09-13 11:48:18 | INFO | Processed JSON message: {'message': 'Data engineering is my passion.', 'author': 'Alice', 'city': 'CLEVELAND', 'age': '37'}
2025-09-13 11:48:18 | INFO | Message received from author: Alice
2025-09-13 11:48:18 | INFO | Updated author counts: {'Diana': 5, 'Alice': 5, 'Eve': 5, 'Charlie': 2, 'Bob': 3}
2025-09-13 11:48:19 | INFO | Sent message to topic 'buzzline_json': {'message': 'Kafka is awesome.', 'author': 'Diana', 'city': 'PORTLAND', 'age': '41'}
2025-09-13 11:48:19 | INFO | Processed JSON message: {'message': 'Kafka is awesome.', 'author': 'Diana', 'city': 'PORTLAND', 'age': '41'}
2025-09-13 11:48:19 | INFO | Message received from author: Diana
2025-09-13 11:48:19 | INFO | Updated author counts: {'Diana': 6, 'Alice': 5, 'Eve': 5, 'Charlie': 2, 'Bob': 3}
2025-09-13 11:48:20 | INFO | Sent message to topic 'buzzline_json': {'message': 'Kafka is awesome.', 'author': 'Diana', 'city': 'HUSTON', 'age': '41'}
2025-09-13 11:48:20 | INFO | Processed JSON message: {'message': 'Kafka is awesome.', 'author': 'Diana', 'city': 'HUSTON', 'age': '41'}
2025-09-13 11:48:20 | INFO | Message received from author: Diana
2025-09-13 11:48:20 | INFO | Updated author counts: {'Diana': 7, 'Alice': 5, 'Eve': 5, 'Charlie': 2, 'Bob': 3}
2025-09-13 11:48:21 | INFO | Sent message to topic 'buzzline_json': {'message': 'Hello, Kafka world!', 'author': 'Bob', 'city': 'CHICAGO', 'age': '33'}
2025-09-13 11:48:21 | INFO | Processed JSON message: {'message': 'Hello, Kafka world!', 'author': 'Bob', 'city': 'CHICAGO', 'age': '33'}
2025-09-13 11:48:21 | INFO | Message received from author: Bob
2025-09-13 11:48:21 | INFO | Updated author counts: {'Diana': 7, 'Alice': 5, 'Eve': 5, 'Charlie': 2, 'Bob': 4}
2025-09-13 11:48:24 | INFO | Sent message to topic 'buzzline_json': {'message': 'Distributed systems are fascinating.', 'author': 'Diana', 'city': 'HUSTON', 'age': '41'}
2025-09-13 11:48:24 | INFO | Processed JSON message: {'message': 'Distributed systems are fascinating.', 'author': 'Diana', 'city': 'HUSTON', 'age': '41'}
2025-09-13 11:48:24 | INFO | Message received from author: Diana
2025-09-13 11:48:24 | INFO | Updated author counts: {'Diana': 8, 'Alice': 5, 'Eve': 5, 'Charlie': 2, 'Bob': 4}
2025-09-13 11:48:25 | INFO | Sent message to topic 'buzzline_json': {'message': 'I love Python!', 'author': 'Diana', 'city': 'CLEVELAND', 'age': '55'}
2025-09-13 11:48:25 | INFO | Processed JSON message: {'message': 'I love Python!', 'author': 'Diana', 'city': 'CLEVELAND', 'age': '55'}
2025-09-13 11:48:25 | INFO | Message received from author: Diana
2025-09-13 11:48:25 | INFO | Updated author counts: {'Diana': 9, 'Alice': 5, 'Eve': 5, 'Charlie': 2, 'Bob': 4}
2025-09-13 11:48:26 | INFO | Sent message to topic 'buzzline_json': {'message': 'Have a great day!', 'author': 'Alice', 'city': 'NEW YORK', 'age': '37'}
2025-09-13 11:48:26 | INFO | Processed JSON message: {'message': 'Have a great day!', 'author': 'Alice', 'city': 'NEW YORK', 'age': '37'}
2025-09-13 11:48:26 | INFO | Message received from author: Alice
2025-09-13 11:48:26 | INFO | Updated author counts: {'Diana': 9, 'Alice': 6, 'Eve': 5, 'Charlie': 2, 'Bob': 4}
2025-09-13 11:48:27 | INFO | Sent message to topic 'buzzline_json': {'message': 'Hello, Kafka world!', 'author': 'Charlie', 'city': 'HUSTON', 'age': '55'}
2025-09-13 11:48:27 | INFO | Processed JSON message: {'message': 'Hello, Kafka world!', 'author': 'Charlie', 'city': 'HUSTON', 'age': '55'}
2025-09-13 11:48:27 | INFO | Message received from author: Charlie
2025-09-13 11:48:27 | INFO | Updated author counts: {'Diana': 9, 'Alice': 6, 'Eve': 5, 'Charlie': 3, 'Bob': 4}
2025-09-13 11:48:28 | INFO | Sent message to topic 'buzzline_json': {'message': 'JSON makes life easier.', 'author': 'Diana', 'city': 'CHICAGO', 'age': '41'}
2025-09-13 11:48:28 | INFO | Processed JSON message: {'message': 'JSON makes life easier.', 'author': 'Diana', 'city': 'CHICAGO', 'age': '41'}
2025-09-13 11:48:28 | INFO | Message received from author: Diana
2025-09-13 11:48:28 | INFO | Updated author counts: {'Diana': 10, 'Alice': 6, 'Eve': 5, 'Charlie': 3, 'Bob': 4}
2025-09-13 11:48:29 | INFO | Sent message to topic 'buzzline_json': {'message': 'I love Python!', 'author': 'Bob', 'city': 'DETROIT', 'age': '55'}
2025-09-13 11:48:29 | INFO | Processed JSON message: {'message': 'I love Python!', 'author': 'Bob', 'city': 'DETROIT', 'age': '55'}
2025-09-13 11:48:29 | INFO | Message received from author: Bob
2025-09-13 11:48:29 | INFO | Updated author counts: {'Diana': 10, 'Alice': 6, 'Eve': 5, 'Charlie': 3, 'Bob': 5}
2025-09-13 11:48:30 | INFO | Sent message to topic 'buzzline_json': {'message': 'Have a great day!', 'author': 'Diana', 'city': 'NEW YORK', 'age': '33'}
2025-09-13 11:48:30 | INFO | Processed JSON message: {'message': 'Have a great day!', 'author': 'Diana', 'city': 'NEW YORK', 'age': '33'}
2025-09-13 11:48:30 | INFO | Message received from author: Diana
2025-09-13 11:48:30 | INFO | Updated author counts: {'Diana': 11, 'Alice': 6, 'Eve': 5, 'Charlie': 3, 'Bob': 5}
2025-09-13 11:48:31 | INFO | Sent message to topic 'buzzline_json': {'message': 'Hello, Kafka world!', 'author': 'Alice', 'city': 'NEW YORK', 'age': '55'}
2025-09-13 11:48:31 | INFO | Processed JSON message: {'message': 'Hello, Kafka world!', 'author': 'Alice', 'city': 'NEW YORK', 'age': '55'}
2025-09-13 11:48:31 | INFO | Message received from author: Alice
2025-09-13 11:48:31 | INFO | Updated author counts: {'Diana': 11, 'Alice': 7, 'Eve': 5, 'Charlie': 3, 'Bob': 5}
2025-09-13 11:48:32 | INFO | Sent message to topic 'buzzline_json': {'message': 'JSON makes life easier.', 'author': 'Alice', 'city': 'PORTLAND', 'age': '55'}
2025-09-13 11:48:32 | INFO | Processed JSON message: {'message': 'JSON makes life easier.', 'author': 'Alice', 'city': 'PORTLAND', 'age': '55'}
2025-09-13 11:48:32 | INFO | Message received from author: Alice
2025-09-13 11:48:32 | INFO | Updated author counts: {'Diana': 11, 'Alice': 8, 'Eve': 5, 'Charlie': 3, 'Bob': 5}
2025-09-13 11:48:33 | INFO | Sent message to topic 'buzzline_json': {'message': 'Buzz messages for everyone.', 'author': 'Charlie', 'city': 'PORTLAND', 'age': '33'}
2025-09-13 11:48:33 | INFO | Processed JSON message: {'message': 'Buzz messages for everyone.', 'author': 'Charlie', 'city': 'PORTLAND', 'age': '33'}
2025-09-13 11:48:33 | INFO | Message received from author: Charlie
2025-09-13 11:48:33 | INFO | Updated author counts: {'Diana': 11, 'Alice': 8, 'Eve': 5, 'Charlie': 4, 'Bob': 5}
2025-09-13 11:48:34 | INFO | Sent message to topic 'buzzline_json': {'message': 'Buzz messages for everyone.', 'author': 'Bob', 'city': 'DETROIT', 'age': '33'}
2025-09-13 11:48:34 | INFO | Processed JSON message: {'message': 'Buzz messages for everyone.', 'author': 'Bob', 'city': 'DETROIT', 'age': '33'}
2025-09-13 11:48:34 | INFO | Message received from author: Bob
2025-09-13 11:48:34 | INFO | Updated author counts: {'Diana': 11, 'Alice': 8, 'Eve': 5, 'Charlie': 4, 'Bob': 6}
2025-09-13 11:48:35 | INFO | Sent message to topic 'buzzline_json': {'message': 'Streaming data is fun.', 'author': 'Diana', 'city': 'BOSTON', 'age': '48'}
2025-09-13 11:48:35 | INFO | Processed JSON message: {'message': 'Streaming data is fun.', 'author': 'Diana', 'city': 'BOSTON', 'age': '48'}
2025-09-13 11:48:35 | INFO | Message received from author: Diana
2025-09-13 11:48:35 | INFO | Updated author counts: {'Diana': 12, 'Alice': 8, 'Eve': 5, 'Charlie': 4, 'Bob': 6}
2025-09-13 11:48:36 | INFO | Sent message to topic 'buzzline_json': {'message': 'Have a great day!', 'author': 'Diana', 'city': 'NEW YORK', 'age': '55'}
2025-09-13 11:48:36 | INFO | Processed JSON message: {'message': 'Have a great day!', 'author': 'Diana', 'city': 'NEW YORK', 'age': '55'}
2025-09-13 11:48:36 | INFO | Message received from author: Diana
2025-09-13 11:48:36 | INFO | Updated author counts: {'Diana': 13, 'Alice': 8, 'Eve': 5, 'Charlie': 4, 'Bob': 6}
2025-09-13 11:48:37 | INFO | Sent message to topic 'buzzline_json': {'message': 'I love Python!', 'author': 'Alice', 'city': 'DETROIT', 'age': '46'}
2025-09-13 11:48:37 | INFO | Processed JSON message: {'message': 'I love Python!', 'author': 'Alice', 'city': 'DETROIT', 'age': '46'}
2025-09-13 11:48:37 | INFO | Message received from author: Alice
2025-09-13 11:48:37 | INFO | Updated author counts: {'Diana': 13, 'Alice': 9, 'Eve': 5, 'Charlie': 4, 'Bob': 6}
2025-09-13 11:48:37 | WARNING | 🚨 ALERT: Match found — City: DETROIT, Age: 46.0 (Total Matches: 3)
2025-09-13 11:48:38 | INFO | Sent message to topic 'buzzline_json': {'message': 'Streaming data is fun.', 'author': 'Charlie', 'city': 'NEW YORK', 'age': '46'}
2025-09-13 11:48:38 | INFO | Processed JSON message: {'message': 'Streaming data is fun.', 'author': 'Charlie', 'city': 'NEW YORK', 'age': '46'}
2025-09-13 11:48:38 | INFO | Message received from author: Charlie
2025-09-13 11:48:38 | INFO | Updated author counts: {'Diana': 13, 'Alice': 9, 'Eve': 5, 'Charlie': 5, 'Bob': 6}
2025-09-13 11:48:39 | INFO | Sent message to topic 'buzzline_json': {'message': 'Kafka is awesome.', 'author': 'Alice', 'city': 'HUSTON', 'age': '37'}
2025-09-13 11:48:39 | INFO | Processed JSON message: {'message': 'Kafka is awesome.', 'author': 'Alice', 'city': 'HUSTON', 'age': '37'}
2025-09-13 11:48:39 | INFO | Message received from author: Alice
2025-09-13 11:48:39 | INFO | Updated author counts: {'Diana': 13, 'Alice': 10, 'Eve': 5, 'Charlie': 5, 'Bob': 6}
2025-09-13 11:48:40 | INFO | Sent message to topic 'buzzline_json': {'message': 'Kafka is awesome.', 'author': 'Diana', 'city': 'NEW YORK', 'age': '46'}
2025-09-13 11:48:40 | INFO | Processed JSON message: {'message': 'Kafka is awesome.', 'author': 'Diana', 'city': 'NEW YORK', 'age': '46'}
2025-09-13 11:48:40 | INFO | Message received from author: Diana
2025-09-13 11:48:40 | INFO | Updated author counts: {'Diana': 14, 'Alice': 10, 'Eve': 5, 'Charlie': 5, 'Bob': 6}
2025-09-13 11:48:41 | INFO | Sent message to topic 'buzzline_json': {'message': 'Kafka is awesome.', 'author': 'Alice', 'city': 'BOSTON', 'age': '46'}
2025-09-13 11:48:41 | INFO | Processed JSON message: {'message': 'Kafka is awesome.', 'author': 'Alice', 'city': 'BOSTON', 'age': '46'}
2025-09-13 11:48:41 | INFO | Message received from author: Alice
2025-09-13 11:48:41 | INFO | Updated author counts: {'Diana': 14, 'Alice': 11, 'Eve': 5, 'Charlie': 5, 'Bob': 6}
2025-09-13 11:48:42 | INFO | Sent message to topic 'buzzline_json': {'message': 'JSON makes life easier.', 'author': 'Bob', 'city': 'PORTLAND', 'age': '41'}
2025-09-13 11:48:42 | INFO | Processed JSON message: {'message': 'JSON makes life easier.', 'author': 'Bob', 'city': 'PORTLAND', 'age': '41'}
2025-09-13 11:48:42 | INFO | Message received from author: Bob
2025-09-13 11:48:42 | INFO | Updated author counts: {'Diana': 14, 'Alice': 11, 'Eve': 5, 'Charlie': 5, 'Bob': 7}
2025-09-13 11:48:43 | INFO | Sent message to topic 'buzzline_json': {'message': 'This is a buzz message.', 'author': 'Bob', 'city': 'CHICAGO', 'age': '37'}
2025-09-13 11:48:43 | INFO | Processed JSON message: {'message': 'This is a buzz message.', 'author': 'Bob', 'city': 'CHICAGO', 'age': '37'}
2025-09-13 11:48:43 | INFO | Message received from author: Bob
2025-09-13 11:48:43 | INFO | Updated author counts: {'Diana': 14, 'Alice': 11, 'Eve': 5, 'Charlie': 5, 'Bob': 8}
2025-09-13 11:48:44 | WARNING | Consumer interrupted by user.
2025-09-13 11:48:44 | INFO | Kafka consumer for topic 'buzzline_json' closed.
2025-09-13 11:48:44 | INFO | END consumer for topic 'buzzline_json' and group 'buzz_group'.
2025-09-13 11:48:44 | INFO | Sent message to topic 'buzzline_json': {'message': 'Streaming data is fun.', 'author': 'Diana', 'city': 'HUSTON', 'age': '46'}
2025-09-13 11:48:45 | WARNING | Producer interrupted by user.
2025-09-13 11:48:45 | INFO | Kafka producer closed.
2025-09-13 11:48:45 | INFO | END producer.
