2025-09-13 14:23:32 | INFO | Sent message to topic 'buzzline_json': {'message': 'Kafka is awesome.', 'author': 'Diana', 'city': 'CLEVELAND', 'age': '46'}
2025-09-13 14:23:33 | INFO | Sent message to topic 'buzzline_json': {'message': 'Kafka is awesome.', 'author': 'Alice', 'city': 'BOSTON', 'age': '48'}
2025-09-13 14:23:34 | INFO | Sent message to topic 'buzzline_json': {'message': 'JSON makes life easier.', 'author': 'Bob', 'city': 'BOSTON', 'age': '52'}
2025-09-13 14:23:35 | INFO | Sent message to topic 'buzzline_json': {'message': 'This is a buzz message.', 'author': 'Bob', 'city': 'DETROIT', 'age': '55'}
2025-09-13 14:23:36 | INFO | Sent message to topic 'buzzline_json': {'message': 'Streaming data is fun.', 'author': 'Diana', 'city': 'CHICAGO', 'age': '46'}
2025-09-13 14:23:37 | INFO | Sent message to topic 'buzzline_json': {'message': 'Have a great day!', 'author': 'Bob', 'city': 'PORTLAND', 'age': '55'}
2025-09-13 14:23:40 | INFO | Sent message to topic 'buzzline_json': {'message': 'This is a buzz message.', 'author': 'Eve', 'city': 'BOSTON', 'age': '48'}
2025-09-13 14:23:41 | INFO | Sent message to topic 'buzzline_json': {'message': 'Hello, Kafka world!', 'author': 'Bob', 'city': 'CHICAGO', 'age': '37'}
2025-09-13 14:23:42 | INFO | Sent message to topic 'buzzline_json': {'message': 'This is a buzz message.', 'author': 'Alice', 'city': 'NEW YORK', 'age': '48'}
2025-09-13 14:23:43 | INFO | Sent message to topic 'buzzline_json': {'message': 'Streaming data is fun.', 'author': 'Eve', 'city': 'NEW YORK', 'age': '41'}
2025-09-13 14:23:44 | INFO | Sent message to topic 'buzzline_json': {'message': 'Kafka is awesome.', 'author': 'Alice', 'city': 'BOSTON', 'age': '55'}
2025-09-13 14:23:45 | INFO | Sent message to topic 'buzzline_json': {'message': 'JSON makes life easier.', 'author': 'Bob', 'city': 'BOSTON', 'age': '46'}
2025-09-13 14:23:46 | INFO | Sent message to topic 'buzzline_json': {'message': 'This is a buzz message.', 'author': 'Charlie', 'city': 'CLEVELAND', 'age': '52'}
2025-09-13 14:23:47 | INFO | Sent message to topic 'buzzline_json': {'message': 'Have a great day!', 'author': 'Diana', 'city': 'NEW YORK', 'age': '41'}
2025-09-13 14:23:48 | INFO | Sent message to topic 'buzzline_json': {'message': 'Distributed systems are fascinating.', 'author': 'Bob', 'city': 'DETROIT', 'age': '46'}
2025-09-13 14:23:49 | INFO | Sent message to topic 'buzzline_json': {'message': 'Kafka is awesome.', 'author': 'Alice', 'city': 'DETROIT', 'age': '46'}
2025-09-13 14:23:50 | INFO | Sent message to topic 'buzzline_json': {'message': 'Streaming data is fun.', 'author': 'Alice', 'city': 'NEW YORK', 'age': '52'}
2025-09-13 14:23:51 | INFO | Sent message to topic 'buzzline_json': {'message': 'Have a great day!', 'author': 'Diana', 'city': 'CLEVELAND', 'age': '33'}
2025-09-13 14:23:52 | INFO | Sent message to topic 'buzzline_json': {'message': 'Streaming data is fun.', 'author': 'Alice', 'city': 'CHICAGO', 'age': '52'}
2025-09-13 14:23:53 | INFO | Sent message to topic 'buzzline_json': {'message': 'This is a buzz message.', 'author': 'Diana', 'city': 'CHICAGO', 'age': '37'}
2025-09-13 14:23:54 | INFO | Sent message to topic 'buzzline_json': {'message': 'Data engineering is my passion.', 'author': 'Bob', 'city': 'NEW YORK', 'age': '33'}
2025-09-13 14:23:54 | WARNING | Producer interrupted by user.
2025-09-13 14:23:54 | INFO | Kafka producer closed.
2025-09-13 14:23:54 | INFO | END producer.
